ARM GAS  C:\Users\Tornado\AppData\Local\Temp\cct7ATzw.s 			page 1


   1              		.syntax unified
   2              		.cpu cortex-m4
   3              		.eabi_attribute 27, 1
   4              		.fpu fpv4-sp-d16
   5              		.eabi_attribute 20, 1
   6              		.eabi_attribute 21, 1
   7              		.eabi_attribute 23, 3
   8              		.eabi_attribute 24, 1
   9              		.eabi_attribute 25, 1
  10              		.eabi_attribute 26, 1
  11              		.eabi_attribute 30, 1
  12              		.eabi_attribute 34, 1
  13              		.eabi_attribute 18, 4
  14              		.thumb
  15              		.syntax unified
  16              		.file	"cyfitter_sysint_cfg.c"
  17              		.text
  18              	.Ltext0:
  19              		.cfi_sections	.debug_frame
  20              		.global	SysInt_SW_cfg
  21              		.global	SysInt_ULFCarrierCnt_cfg
  22              		.global	SysInt_ULFMainCnt_cfg
  23              		.global	SysInt_ULFBasebandCnt_cfg
  24              		.global	SysInt_Tick_cfg
  25              		.global	UART_DEBUG_SCB_IRQ_cfg
  26              		.section	.rodata
  27              		.align	2
  28              		.type	SysInt_SW_cfg, %object
  29              		.size	SysInt_SW_cfg, 8
  30              	SysInt_SW_cfg:
  31 0000 7A00     		.short	122
  32 0002 0000     		.space	2
  33 0004 06000000 		.word	6
  34              		.type	SysInt_ULFCarrierCnt_cfg, %object
  35              		.size	SysInt_ULFCarrierCnt_cfg, 8
  36              	SysInt_ULFCarrierCnt_cfg:
  37 0008 5D00     		.short	93
  38 000a 0000     		.space	2
  39 000c 07000000 		.word	7
  40              		.type	SysInt_ULFMainCnt_cfg, %object
  41              		.size	SysInt_ULFMainCnt_cfg, 8
  42              	SysInt_ULFMainCnt_cfg:
  43 0010 5C00     		.short	92
  44 0012 0000     		.space	2
  45 0014 07000000 		.word	7
  46              		.type	SysInt_ULFBasebandCnt_cfg, %object
  47              		.size	SysInt_ULFBasebandCnt_cfg, 8
  48              	SysInt_ULFBasebandCnt_cfg:
  49 0018 5B00     		.short	91
  50 001a 0000     		.space	2
  51 001c 07000000 		.word	7
  52              		.type	SysInt_Tick_cfg, %object
  53              		.size	SysInt_Tick_cfg, 8
  54              	SysInt_Tick_cfg:
  55 0020 5A00     		.short	90
  56 0022 0000     		.space	2
  57 0024 07000000 		.word	7
ARM GAS  C:\Users\Tornado\AppData\Local\Temp\cct7ATzw.s 			page 2


  58              		.type	UART_DEBUG_SCB_IRQ_cfg, %object
  59              		.size	UART_DEBUG_SCB_IRQ_cfg, 8
  60              	UART_DEBUG_SCB_IRQ_cfg:
  61 0028 2E00     		.short	46
  62 002a 0000     		.space	2
  63 002c 07000000 		.word	7
  64              		.text
  65              	.Letext0:
  66              		.file 1 "Generated_Source\\PSoC6\\pdl\\devices/psoc6/psoc63/include/cy8c6347bzi_bld53.h"
  67              		.file 2 "c:\\program files (x86)\\cypress\\psoc creator\\4.2\\psoc creator\\import\\gnu\\arm\\5.4.
  68              		.file 3 "c:\\program files (x86)\\cypress\\psoc creator\\4.2\\psoc creator\\import\\gnu\\arm\\5.4.
  69              		.file 4 "Generated_Source\\PSoC6\\pdl\\drivers/peripheral/sysint/cy_sysint.h"
  70              		.file 5 "Generated_Source\\PSoC6\\pdl\\cmsis/include/core_cm4.h"
  71              		.file 6 "Generated_Source\\PSoC6\\cyfitter_sysint_cfg.c"
  72              		.section	.debug_info,"",%progbits
  73              	.Ldebug_info0:
  74 0000 23050000 		.4byte	0x523
  75 0004 0400     		.2byte	0x4
  76 0006 00000000 		.4byte	.Ldebug_abbrev0
  77 000a 04       		.byte	0x4
  78 000b 01       		.uleb128 0x1
  79 000c CE090000 		.4byte	.LASF187
  80 0010 0C       		.byte	0xc
  81 0011 F60D0000 		.4byte	.LASF188
  82 0015 D6030000 		.4byte	.LASF189
  83 0019 00000000 		.4byte	.Ldebug_line0
  84 001d 02       		.uleb128 0x2
  85 001e 02       		.byte	0x2
  86 001f DE030000 		.4byte	0x3de
  87 0023 01       		.byte	0x1
  88 0024 24       		.byte	0x24
  89 0025 DE030000 		.4byte	0x3de
  90 0029 03       		.uleb128 0x3
  91 002a 50020000 		.4byte	.LASF0
  92 002e 71       		.sleb128 -15
  93 002f 03       		.uleb128 0x3
  94 0030 A80E0000 		.4byte	.LASF1
  95 0034 72       		.sleb128 -14
  96 0035 03       		.uleb128 0x3
  97 0036 410F0000 		.4byte	.LASF2
  98 003a 73       		.sleb128 -13
  99 003b 03       		.uleb128 0x3
 100 003c F30A0000 		.4byte	.LASF3
 101 0040 74       		.sleb128 -12
 102 0041 03       		.uleb128 0x3
 103 0042 4A050000 		.4byte	.LASF4
 104 0046 75       		.sleb128 -11
 105 0047 03       		.uleb128 0x3
 106 0048 650D0000 		.4byte	.LASF5
 107 004c 76       		.sleb128 -10
 108 004d 03       		.uleb128 0x3
 109 004e ED060000 		.4byte	.LASF6
 110 0052 7B       		.sleb128 -5
 111 0053 03       		.uleb128 0x3
 112 0054 6C0F0000 		.4byte	.LASF7
 113 0058 7C       		.sleb128 -4
 114 0059 03       		.uleb128 0x3
ARM GAS  C:\Users\Tornado\AppData\Local\Temp\cct7ATzw.s 			page 3


 115 005a 710E0000 		.4byte	.LASF8
 116 005e 7E       		.sleb128 -2
 117 005f 03       		.uleb128 0x3
 118 0060 FC070000 		.4byte	.LASF9
 119 0064 7F       		.sleb128 -1
 120 0065 04       		.uleb128 0x4
 121 0066 B3010000 		.4byte	.LASF10
 122 006a 00       		.byte	0
 123 006b 04       		.uleb128 0x4
 124 006c 250F0000 		.4byte	.LASF11
 125 0070 01       		.byte	0x1
 126 0071 04       		.uleb128 0x4
 127 0072 1B000000 		.4byte	.LASF12
 128 0076 02       		.byte	0x2
 129 0077 04       		.uleb128 0x4
 130 0078 BC0E0000 		.4byte	.LASF13
 131 007c 03       		.byte	0x3
 132 007d 04       		.uleb128 0x4
 133 007e 68100000 		.4byte	.LASF14
 134 0082 04       		.byte	0x4
 135 0083 04       		.uleb128 0x4
 136 0084 CD050000 		.4byte	.LASF15
 137 0088 05       		.byte	0x5
 138 0089 04       		.uleb128 0x4
 139 008a A3070000 		.4byte	.LASF16
 140 008e 06       		.byte	0x6
 141 008f 04       		.uleb128 0x4
 142 0090 95090000 		.4byte	.LASF17
 143 0094 07       		.byte	0x7
 144 0095 04       		.uleb128 0x4
 145 0096 32120000 		.4byte	.LASF18
 146 009a 08       		.byte	0x8
 147 009b 04       		.uleb128 0x4
 148 009c EF010000 		.4byte	.LASF19
 149 00a0 09       		.byte	0x9
 150 00a1 04       		.uleb128 0x4
 151 00a2 2A0C0000 		.4byte	.LASF20
 152 00a6 0A       		.byte	0xa
 153 00a7 04       		.uleb128 0x4
 154 00a8 D60A0000 		.4byte	.LASF21
 155 00ac 0B       		.byte	0xb
 156 00ad 04       		.uleb128 0x4
 157 00ae 98100000 		.4byte	.LASF22
 158 00b2 0C       		.byte	0xc
 159 00b3 04       		.uleb128 0x4
 160 00b4 1B060000 		.4byte	.LASF23
 161 00b8 0D       		.byte	0xd
 162 00b9 04       		.uleb128 0x4
 163 00ba D5070000 		.4byte	.LASF24
 164 00be 0E       		.byte	0xe
 165 00bf 04       		.uleb128 0x4
 166 00c0 7D040000 		.4byte	.LASF25
 167 00c4 0F       		.byte	0xf
 168 00c5 04       		.uleb128 0x4
 169 00c6 13110000 		.4byte	.LASF26
 170 00ca 10       		.byte	0x10
 171 00cb 04       		.uleb128 0x4
ARM GAS  C:\Users\Tornado\AppData\Local\Temp\cct7ATzw.s 			page 4


 172 00cc 15030000 		.4byte	.LASF27
 173 00d0 11       		.byte	0x11
 174 00d1 04       		.uleb128 0x4
 175 00d2 7A000000 		.4byte	.LASF28
 176 00d6 12       		.byte	0x12
 177 00d7 04       		.uleb128 0x4
 178 00d8 96040000 		.4byte	.LASF29
 179 00dc 13       		.byte	0x13
 180 00dd 04       		.uleb128 0x4
 181 00de 82060000 		.4byte	.LASF30
 182 00e2 14       		.byte	0x14
 183 00e3 04       		.uleb128 0x4
 184 00e4 7B110000 		.4byte	.LASF31
 185 00e8 15       		.byte	0x15
 186 00e9 04       		.uleb128 0x4
 187 00ea 66000000 		.4byte	.LASF32
 188 00ee 16       		.byte	0x16
 189 00ef 04       		.uleb128 0x4
 190 00f0 45110000 		.4byte	.LASF33
 191 00f4 17       		.byte	0x17
 192 00f5 04       		.uleb128 0x4
 193 00f6 C2000000 		.4byte	.LASF34
 194 00fa 18       		.byte	0x18
 195 00fb 04       		.uleb128 0x4
 196 00fc 910F0000 		.4byte	.LASF35
 197 0100 19       		.byte	0x19
 198 0101 04       		.uleb128 0x4
 199 0102 36070000 		.4byte	.LASF36
 200 0106 1A       		.byte	0x1a
 201 0107 04       		.uleb128 0x4
 202 0108 17090000 		.4byte	.LASF37
 203 010c 1B       		.byte	0x1b
 204 010d 04       		.uleb128 0x4
 205 010e F40B0000 		.4byte	.LASF38
 206 0112 1C       		.byte	0x1c
 207 0113 04       		.uleb128 0x4
 208 0114 1C010000 		.4byte	.LASF39
 209 0118 1D       		.byte	0x1d
 210 0119 04       		.uleb128 0x4
 211 011a 68030000 		.4byte	.LASF40
 212 011e 1E       		.byte	0x1e
 213 011f 04       		.uleb128 0x4
 214 0120 E9050000 		.4byte	.LASF41
 215 0124 1F       		.byte	0x1f
 216 0125 04       		.uleb128 0x4
 217 0126 750D0000 		.4byte	.LASF42
 218 012a 20       		.byte	0x20
 219 012b 04       		.uleb128 0x4
 220 012c E20F0000 		.4byte	.LASF43
 221 0130 21       		.byte	0x21
 222 0131 04       		.uleb128 0x4
 223 0132 4E120000 		.4byte	.LASF44
 224 0136 22       		.byte	0x22
 225 0137 04       		.uleb128 0x4
 226 0138 96110000 		.4byte	.LASF45
 227 013c 23       		.byte	0x23
 228 013d 04       		.uleb128 0x4
ARM GAS  C:\Users\Tornado\AppData\Local\Temp\cct7ATzw.s 			page 5


 229 013e 38010000 		.4byte	.LASF46
 230 0142 24       		.byte	0x24
 231 0143 04       		.uleb128 0x4
 232 0144 080F0000 		.4byte	.LASF47
 233 0148 25       		.byte	0x25
 234 0149 04       		.uleb128 0x4
 235 014a 80120000 		.4byte	.LASF48
 236 014e 26       		.byte	0x26
 237 014f 04       		.uleb128 0x4
 238 0150 AD0D0000 		.4byte	.LASF49
 239 0154 27       		.byte	0x27
 240 0155 04       		.uleb128 0x4
 241 0156 1A100000 		.4byte	.LASF50
 242 015a 28       		.byte	0x28
 243 015b 04       		.uleb128 0x4
 244 015c ED000000 		.4byte	.LASF51
 245 0160 29       		.byte	0x29
 246 0161 04       		.uleb128 0x4
 247 0162 58050000 		.4byte	.LASF52
 248 0166 2A       		.byte	0x2a
 249 0167 04       		.uleb128 0x4
 250 0168 9B050000 		.4byte	.LASF53
 251 016c 2B       		.byte	0x2b
 252 016d 04       		.uleb128 0x4
 253 016e 7D0E0000 		.4byte	.LASF54
 254 0172 2C       		.byte	0x2c
 255 0173 04       		.uleb128 0x4
 256 0174 80090000 		.4byte	.LASF55
 257 0178 2D       		.byte	0x2d
 258 0179 04       		.uleb128 0x4
 259 017a 37000000 		.4byte	.LASF56
 260 017e 2E       		.byte	0x2e
 261 017f 04       		.uleb128 0x4
 262 0180 F30E0000 		.4byte	.LASF57
 263 0184 2F       		.byte	0x2f
 264 0185 04       		.uleb128 0x4
 265 0186 10050000 		.4byte	.LASF58
 266 018a 30       		.byte	0x30
 267 018b 04       		.uleb128 0x4
 268 018c 7E0F0000 		.4byte	.LASF59
 269 0190 31       		.byte	0x31
 270 0191 04       		.uleb128 0x4
 271 0192 F7100000 		.4byte	.LASF60
 272 0196 32       		.byte	0x32
 273 0197 04       		.uleb128 0x4
 274 0198 8F000000 		.4byte	.LASF61
 275 019c 33       		.byte	0x33
 276 019d 04       		.uleb128 0x4
 277 019e E2020000 		.4byte	.LASF62
 278 01a2 34       		.byte	0x34
 279 01a3 04       		.uleb128 0x4
 280 01a4 BA0A0000 		.4byte	.LASF63
 281 01a8 35       		.byte	0x35
 282 01a9 04       		.uleb128 0x4
 283 01aa 61040000 		.4byte	.LASF64
 284 01ae 36       		.byte	0x36
 285 01af 04       		.uleb128 0x4
ARM GAS  C:\Users\Tornado\AppData\Local\Temp\cct7ATzw.s 			page 6


 286 01b0 500F0000 		.4byte	.LASF65
 287 01b4 37       		.byte	0x37
 288 01b5 04       		.uleb128 0x4
 289 01b6 D4040000 		.4byte	.LASF66
 290 01ba 38       		.byte	0x38
 291 01bb 04       		.uleb128 0x4
 292 01bc CF110000 		.4byte	.LASF67
 293 01c0 39       		.byte	0x39
 294 01c1 04       		.uleb128 0x4
 295 01c2 B4080000 		.4byte	.LASF68
 296 01c6 3A       		.byte	0x3a
 297 01c7 04       		.uleb128 0x4
 298 01c8 8B0B0000 		.4byte	.LASF69
 299 01cc 3B       		.byte	0x3b
 300 01cd 04       		.uleb128 0x4
 301 01ce E0080000 		.4byte	.LASF70
 302 01d2 3C       		.byte	0x3c
 303 01d3 04       		.uleb128 0x4
 304 01d4 BD0B0000 		.4byte	.LASF71
 305 01d8 3D       		.byte	0x3d
 306 01d9 04       		.uleb128 0x4
 307 01da 230E0000 		.4byte	.LASF72
 308 01de 3E       		.byte	0x3e
 309 01df 04       		.uleb128 0x4
 310 01e0 B1090000 		.4byte	.LASF73
 311 01e4 3F       		.byte	0x3f
 312 01e5 04       		.uleb128 0x4
 313 01e6 B0050000 		.4byte	.LASF74
 314 01ea 40       		.byte	0x40
 315 01eb 04       		.uleb128 0x4
 316 01ec 86070000 		.4byte	.LASF75
 317 01f0 41       		.byte	0x41
 318 01f1 04       		.uleb128 0x4
 319 01f2 580B0000 		.4byte	.LASF76
 320 01f6 42       		.byte	0x42
 321 01f7 04       		.uleb128 0x4
 322 01f8 910D0000 		.4byte	.LASF77
 323 01fc 43       		.byte	0x43
 324 01fd 04       		.uleb128 0x4
 325 01fe FE0F0000 		.4byte	.LASF78
 326 0202 44       		.byte	0x44
 327 0203 04       		.uleb128 0x4
 328 0204 B30C0000 		.4byte	.LASF79
 329 0208 45       		.byte	0x45
 330 0209 04       		.uleb128 0x4
 331 020a 52070000 		.4byte	.LASF80
 332 020e 46       		.byte	0x46
 333 020f 04       		.uleb128 0x4
 334 0210 33090000 		.4byte	.LASF81
 335 0214 47       		.byte	0x47
 336 0215 04       		.uleb128 0x4
 337 0216 B3110000 		.4byte	.LASF82
 338 021a 48       		.byte	0x48
 339 021b 04       		.uleb128 0x4
 340 021c 84030000 		.4byte	.LASF83
 341 0220 49       		.byte	0x49
 342 0221 04       		.uleb128 0x4
ARM GAS  C:\Users\Tornado\AppData\Local\Temp\cct7ATzw.s 			page 7


 343 0222 BA030000 		.4byte	.LASF84
 344 0226 4A       		.byte	0x4a
 345 0227 04       		.uleb128 0x4
 346 0228 C6020000 		.4byte	.LASF85
 347 022c 4B       		.byte	0x4b
 348 022d 04       		.uleb128 0x4
 349 022e 5E110000 		.4byte	.LASF86
 350 0232 4C       		.byte	0x4c
 351 0233 04       		.uleb128 0x4
 352 0234 E90C0000 		.4byte	.LASF87
 353 0238 4D       		.byte	0x4d
 354 0239 04       		.uleb128 0x4
 355 023a DA100000 		.4byte	.LASF88
 356 023e 4E       		.byte	0x4e
 357 023f 04       		.uleb128 0x4
 358 0240 53060000 		.4byte	.LASF89
 359 0244 4F       		.byte	0x4f
 360 0245 04       		.uleb128 0x4
 361 0246 09080000 		.4byte	.LASF90
 362 024a 50       		.byte	0x50
 363 024b 04       		.uleb128 0x4
 364 024c 810A0000 		.4byte	.LASF91
 365 0250 51       		.byte	0x51
 366 0251 04       		.uleb128 0x4
 367 0252 CF060000 		.4byte	.LASF92
 368 0256 52       		.byte	0x52
 369 0257 04       		.uleb128 0x4
 370 0258 76080000 		.4byte	.LASF93
 371 025c 53       		.byte	0x53
 372 025d 04       		.uleb128 0x4
 373 025e 76020000 		.4byte	.LASF94
 374 0262 54       		.byte	0x54
 375 0263 04       		.uleb128 0x4
 376 0264 6E070000 		.4byte	.LASF95
 377 0268 55       		.byte	0x55
 378 0269 04       		.uleb128 0x4
 379 026a 12120000 		.4byte	.LASF96
 380 026e 56       		.byte	0x56
 381 026f 04       		.uleb128 0x4
 382 0270 CF010000 		.4byte	.LASF97
 383 0274 57       		.byte	0x57
 384 0275 04       		.uleb128 0x4
 385 0276 780C0000 		.4byte	.LASF98
 386 027a 58       		.byte	0x58
 387 027b 04       		.uleb128 0x4
 388 027c F0040000 		.4byte	.LASF99
 389 0280 59       		.byte	0x59
 390 0281 04       		.uleb128 0x4
 391 0282 2B110000 		.4byte	.LASF100
 392 0286 5A       		.byte	0x5a
 393 0287 04       		.uleb128 0x4
 394 0288 9E060000 		.4byte	.LASF101
 395 028c 5B       		.byte	0x5b
 396 028d 04       		.uleb128 0x4
 397 028e 41080000 		.4byte	.LASF102
 398 0292 5C       		.byte	0x5c
 399 0293 04       		.uleb128 0x4
ARM GAS  C:\Users\Tornado\AppData\Local\Temp\cct7ATzw.s 			page 8


 400 0294 090B0000 		.4byte	.LASF103
 401 0298 5D       		.byte	0x5d
 402 0299 04       		.uleb128 0x4
 403 029a 4C000000 		.4byte	.LASF104
 404 029e 5E       		.byte	0x5e
 405 029f 04       		.uleb128 0x4
 406 02a0 AC020000 		.4byte	.LASF105
 407 02a4 5F       		.byte	0x5f
 408 02a5 04       		.uleb128 0x4
 409 02a6 25050000 		.4byte	.LASF106
 410 02aa 60       		.byte	0x60
 411 02ab 04       		.uleb128 0x4
 412 02ac CF0C0000 		.4byte	.LASF107
 413 02b0 61       		.byte	0x61
 414 02b1 04       		.uleb128 0x4
 415 02b2 2B030000 		.4byte	.LASF108
 416 02b6 62       		.byte	0x62
 417 02b7 04       		.uleb128 0x4
 418 02b8 3E0B0000 		.4byte	.LASF109
 419 02bc 63       		.byte	0x63
 420 02bd 04       		.uleb128 0x4
 421 02be 4B0D0000 		.4byte	.LASF110
 422 02c2 64       		.byte	0x64
 423 02c3 04       		.uleb128 0x4
 424 02c4 C80F0000 		.4byte	.LASF111
 425 02c8 65       		.byte	0x65
 426 02c9 04       		.uleb128 0x4
 427 02ca F8110000 		.4byte	.LASF112
 428 02ce 66       		.byte	0x66
 429 02cf 04       		.uleb128 0x4
 430 02d0 1C070000 		.4byte	.LASF113
 431 02d4 67       		.byte	0x67
 432 02d5 04       		.uleb128 0x4
 433 02d6 FD080000 		.4byte	.LASF114
 434 02da 68       		.byte	0x68
 435 02db 04       		.uleb128 0x4
 436 02dc DA0B0000 		.4byte	.LASF115
 437 02e0 69       		.byte	0x69
 438 02e1 04       		.uleb128 0x4
 439 02e2 02010000 		.4byte	.LASF116
 440 02e6 6A       		.byte	0x6a
 441 02e7 04       		.uleb128 0x4
 442 02e8 4E030000 		.4byte	.LASF117
 443 02ec 6B       		.byte	0x6b
 444 02ed 04       		.uleb128 0x4
 445 02ee 98010000 		.4byte	.LASF118
 446 02f2 6C       		.byte	0x6c
 447 02f3 04       		.uleb128 0x4
 448 02f4 46040000 		.4byte	.LASF119
 449 02f8 6D       		.byte	0x6d
 450 02f9 04       		.uleb128 0x4
 451 02fa 38060000 		.4byte	.LASF120
 452 02fe 6E       		.byte	0x6e
 453 02ff 04       		.uleb128 0x4
 454 0300 5B080000 		.4byte	.LASF121
 455 0304 6F       		.byte	0x6f
 456 0305 04       		.uleb128 0x4
ARM GAS  C:\Users\Tornado\AppData\Local\Temp\cct7ATzw.s 			page 9


 457 0306 4D100000 		.4byte	.LASF122
 458 030a 70       		.byte	0x70
 459 030b 04       		.uleb128 0x4
 460 030c 00000000 		.4byte	.LASF123
 461 0310 71       		.byte	0x71
 462 0311 04       		.uleb128 0x4
 463 0312 5B020000 		.4byte	.LASF124
 464 0316 72       		.byte	0x72
 465 0317 04       		.uleb128 0x4
 466 0318 65090000 		.4byte	.LASF125
 467 031c 73       		.byte	0x73
 468 031d 04       		.uleb128 0x4
 469 031e 980C0000 		.4byte	.LASF126
 470 0322 74       		.byte	0x74
 471 0323 04       		.uleb128 0x4
 472 0324 D80E0000 		.4byte	.LASF127
 473 0328 75       		.byte	0x75
 474 0329 04       		.uleb128 0x4
 475 032a 230B0000 		.4byte	.LASF128
 476 032e 76       		.byte	0x76
 477 032f 04       		.uleb128 0x4
 478 0330 270D0000 		.4byte	.LASF129
 479 0334 77       		.byte	0x77
 480 0335 04       		.uleb128 0x4
 481 0336 AD0F0000 		.4byte	.LASF130
 482 033a 78       		.byte	0x78
 483 033b 04       		.uleb128 0x4
 484 033c 26080000 		.4byte	.LASF131
 485 0340 79       		.byte	0x79
 486 0341 04       		.uleb128 0x4
 487 0342 55010000 		.4byte	.LASF132
 488 0346 7A       		.byte	0x7a
 489 0347 04       		.uleb128 0x4
 490 0348 D7000000 		.4byte	.LASF133
 491 034c 7B       		.byte	0x7b
 492 034d 04       		.uleb128 0x4
 493 034e 05060000 		.4byte	.LASF134
 494 0352 7C       		.byte	0x7c
 495 0353 04       		.uleb128 0x4
 496 0354 BF070000 		.4byte	.LASF135
 497 0358 7D       		.byte	0x7d
 498 0359 04       		.uleb128 0x4
 499 035a 37100000 		.4byte	.LASF136
 500 035e 7E       		.byte	0x7e
 501 035f 04       		.uleb128 0x4
 502 0360 6A120000 		.4byte	.LASF137
 503 0364 7F       		.byte	0x7f
 504 0365 04       		.uleb128 0x4
 505 0366 24020000 		.4byte	.LASF138
 506 036a 80       		.byte	0x80
 507 036b 04       		.uleb128 0x4
 508 036c 4F090000 		.4byte	.LASF139
 509 0370 81       		.byte	0x81
 510 0371 04       		.uleb128 0x4
 511 0372 470C0000 		.4byte	.LASF140
 512 0376 82       		.byte	0x82
 513 0377 04       		.uleb128 0x4
ARM GAS  C:\Users\Tornado\AppData\Local\Temp\cct7ATzw.s 			page 10


 514 0378 920E0000 		.4byte	.LASF141
 515 037c 83       		.byte	0x83
 516 037d 04       		.uleb128 0x4
 517 037e 9D080000 		.4byte	.LASF142
 518 0382 84       		.byte	0x84
 519 0383 04       		.uleb128 0x4
 520 0384 740B0000 		.4byte	.LASF143
 521 0388 85       		.byte	0x85
 522 0389 04       		.uleb128 0x4
 523 038a AB000000 		.4byte	.LASF144
 524 038e 86       		.byte	0x86
 525 038f 04       		.uleb128 0x4
 526 0390 FE020000 		.4byte	.LASF145
 527 0394 87       		.byte	0x87
 528 0395 04       		.uleb128 0x4
 529 0396 6D050000 		.4byte	.LASF146
 530 039a 88       		.byte	0x88
 531 039b 04       		.uleb128 0x4
 532 039c 060D0000 		.4byte	.LASF147
 533 03a0 89       		.byte	0x89
 534 03a1 04       		.uleb128 0x4
 535 03a2 590E0000 		.4byte	.LASF148
 536 03a6 8A       		.byte	0x8a
 537 03a7 04       		.uleb128 0x4
 538 03a8 B9040000 		.4byte	.LASF149
 539 03ac 8B       		.byte	0x8b
 540 03ad 04       		.uleb128 0x4
 541 03ae CA0D0000 		.4byte	.LASF150
 542 03b2 8C       		.byte	0x8c
 543 03b3 04       		.uleb128 0x4
 544 03b4 B5100000 		.4byte	.LASF151
 545 03b8 8D       		.byte	0x8d
 546 03b9 04       		.uleb128 0x4
 547 03ba 84100000 		.4byte	.LASF152
 548 03be 8E       		.byte	0x8e
 549 03bf 04       		.uleb128 0x4
 550 03c0 9E0A0000 		.4byte	.LASF153
 551 03c4 8F       		.byte	0x8f
 552 03c5 04       		.uleb128 0x4
 553 03c6 B8060000 		.4byte	.LASF154
 554 03ca 90       		.byte	0x90
 555 03cb 04       		.uleb128 0x4
 556 03cc 82010000 		.4byte	.LASF155
 557 03d0 91       		.byte	0x91
 558 03d1 04       		.uleb128 0x4
 559 03d2 0B020000 		.4byte	.LASF156
 560 03d6 92       		.byte	0x92
 561 03d7 04       		.uleb128 0x4
 562 03d8 5D0C0000 		.4byte	.LASF157
 563 03dc F0       		.byte	0xf0
 564 03dd 00       		.byte	0
 565 03de 05       		.uleb128 0x5
 566 03df 02       		.byte	0x2
 567 03e0 05       		.byte	0x5
 568 03e1 6E0C0000 		.4byte	.LASF158
 569 03e5 06       		.uleb128 0x6
 570 03e6 1D0D0000 		.4byte	.LASF162
ARM GAS  C:\Users\Tornado\AppData\Local\Temp\cct7ATzw.s 			page 11


 571 03ea 01       		.byte	0x1
 572 03eb F4       		.byte	0xf4
 573 03ec 1D000000 		.4byte	0x1d
 574 03f0 05       		.uleb128 0x5
 575 03f1 01       		.byte	0x1
 576 03f2 06       		.byte	0x6
 577 03f3 A0020000 		.4byte	.LASF159
 578 03f7 05       		.uleb128 0x5
 579 03f8 01       		.byte	0x1
 580 03f9 08       		.byte	0x8
 581 03fa AF0B0000 		.4byte	.LASF160
 582 03fe 05       		.uleb128 0x5
 583 03ff 02       		.byte	0x2
 584 0400 07       		.byte	0x7
 585 0401 F9060000 		.4byte	.LASF161
 586 0405 06       		.uleb128 0x6
 587 0406 F2070000 		.4byte	.LASF163
 588 040a 02       		.byte	0x2
 589 040b 3F       		.byte	0x3f
 590 040c 10040000 		.4byte	0x410
 591 0410 05       		.uleb128 0x5
 592 0411 04       		.byte	0x4
 593 0412 05       		.byte	0x5
 594 0413 45030000 		.4byte	.LASF164
 595 0417 06       		.uleb128 0x6
 596 0418 3F050000 		.4byte	.LASF165
 597 041c 02       		.byte	0x2
 598 041d 41       		.byte	0x41
 599 041e 22040000 		.4byte	0x422
 600 0422 05       		.uleb128 0x5
 601 0423 04       		.byte	0x4
 602 0424 07       		.byte	0x7
 603 0425 70060000 		.4byte	.LASF166
 604 0429 05       		.uleb128 0x5
 605 042a 08       		.byte	0x8
 606 042b 05       		.byte	0x5
 607 042c 92020000 		.4byte	.LASF167
 608 0430 05       		.uleb128 0x5
 609 0431 08       		.byte	0x8
 610 0432 07       		.byte	0x7
 611 0433 6B010000 		.4byte	.LASF168
 612 0437 07       		.uleb128 0x7
 613 0438 04       		.byte	0x4
 614 0439 05       		.byte	0x5
 615 043a 696E7400 		.ascii	"int\000"
 616 043e 05       		.uleb128 0x5
 617 043f 04       		.byte	0x4
 618 0440 07       		.byte	0x7
 619 0441 1D0C0000 		.4byte	.LASF169
 620 0445 06       		.uleb128 0x6
 621 0446 A70B0000 		.4byte	.LASF170
 622 044a 03       		.byte	0x3
 623 044b 2C       		.byte	0x2c
 624 044c 05040000 		.4byte	0x405
 625 0450 06       		.uleb128 0x6
 626 0451 420D0000 		.4byte	.LASF171
 627 0455 03       		.byte	0x3
ARM GAS  C:\Users\Tornado\AppData\Local\Temp\cct7ATzw.s 			page 12


 628 0456 30       		.byte	0x30
 629 0457 17040000 		.4byte	0x417
 630 045b 05       		.uleb128 0x5
 631 045c 04       		.byte	0x4
 632 045d 07       		.byte	0x7
 633 045e 94080000 		.4byte	.LASF172
 634 0462 05       		.uleb128 0x5
 635 0463 08       		.byte	0x8
 636 0464 04       		.byte	0x4
 637 0465 E50D0000 		.4byte	.LASF173
 638 0469 05       		.uleb128 0x5
 639 046a 01       		.byte	0x1
 640 046b 08       		.byte	0x8
 641 046c F10D0000 		.4byte	.LASF174
 642 0470 05       		.uleb128 0x5
 643 0471 04       		.byte	0x4
 644 0472 04       		.byte	0x4
 645 0473 B40A0000 		.4byte	.LASF175
 646 0477 05       		.uleb128 0x5
 647 0478 08       		.byte	0x8
 648 0479 04       		.byte	0x4
 649 047a B2040000 		.4byte	.LASF176
 650 047e 08       		.uleb128 0x8
 651 047f 08       		.byte	0x8
 652 0480 04       		.byte	0x4
 653 0481 EB       		.byte	0xeb
 654 0482 9F040000 		.4byte	0x49f
 655 0486 09       		.uleb128 0x9
 656 0487 3E040000 		.4byte	.LASF177
 657 048b 04       		.byte	0x4
 658 048c EC       		.byte	0xec
 659 048d E5030000 		.4byte	0x3e5
 660 0491 00       		.byte	0
 661 0492 09       		.uleb128 0x9
 662 0493 EB110000 		.4byte	.LASF178
 663 0497 04       		.byte	0x4
 664 0498 F0       		.byte	0xf0
 665 0499 50040000 		.4byte	0x450
 666 049d 04       		.byte	0x4
 667 049e 00       		.byte	0
 668 049f 06       		.uleb128 0x6
 669 04a0 D0080000 		.4byte	.LASF179
 670 04a4 04       		.byte	0x4
 671 04a5 F1       		.byte	0xf1
 672 04a6 7E040000 		.4byte	0x47e
 673 04aa 0A       		.uleb128 0xa
 674 04ab 100C0000 		.4byte	.LASF180
 675 04af 05       		.byte	0x5
 676 04b0 EA07     		.2byte	0x7ea
 677 04b2 B6040000 		.4byte	0x4b6
 678 04b6 0B       		.uleb128 0xb
 679 04b7 45040000 		.4byte	0x445
 680 04bb 0C       		.uleb128 0xc
 681 04bc 84050000 		.4byte	.LASF181
 682 04c0 06       		.byte	0x6
 683 04c1 18       		.byte	0x18
 684 04c2 CC040000 		.4byte	0x4cc
ARM GAS  C:\Users\Tornado\AppData\Local\Temp\cct7ATzw.s 			page 13


 685 04c6 05       		.uleb128 0x5
 686 04c7 03       		.byte	0x3
 687 04c8 00000000 		.4byte	UART_DEBUG_SCB_IRQ_cfg
 688 04cc 0D       		.uleb128 0xd
 689 04cd 9F040000 		.4byte	0x49f
 690 04d1 0C       		.uleb128 0xc
 691 04d2 0C070000 		.4byte	.LASF182
 692 04d6 06       		.byte	0x6
 693 04d7 1E       		.byte	0x1e
 694 04d8 CC040000 		.4byte	0x4cc
 695 04dc 05       		.uleb128 0x5
 696 04dd 03       		.byte	0x3
 697 04de 00000000 		.4byte	SysInt_Tick_cfg
 698 04e2 0C       		.uleb128 0xc
 699 04e3 A0030000 		.4byte	.LASF183
 700 04e7 06       		.byte	0x6
 701 04e8 24       		.byte	0x24
 702 04e9 CC040000 		.4byte	0x4cc
 703 04ed 05       		.uleb128 0x5
 704 04ee 03       		.byte	0x3
 705 04ef 00000000 		.4byte	SysInt_ULFBasebandCnt_cfg
 706 04f3 0C       		.uleb128 0xc
 707 04f4 3A020000 		.4byte	.LASF184
 708 04f8 06       		.byte	0x6
 709 04f9 2A       		.byte	0x2a
 710 04fa CC040000 		.4byte	0x4cc
 711 04fe 05       		.uleb128 0x5
 712 04ff 03       		.byte	0x3
 713 0500 00000000 		.4byte	SysInt_ULFMainCnt_cfg
 714 0504 0C       		.uleb128 0xc
 715 0505 400E0000 		.4byte	.LASF185
 716 0509 06       		.byte	0x6
 717 050a 30       		.byte	0x30
 718 050b CC040000 		.4byte	0x4cc
 719 050f 05       		.uleb128 0x5
 720 0510 03       		.byte	0x3
 721 0511 00000000 		.4byte	SysInt_ULFCarrierCnt_cfg
 722 0515 0C       		.uleb128 0xc
 723 0516 CC100000 		.4byte	.LASF186
 724 051a 06       		.byte	0x6
 725 051b 36       		.byte	0x36
 726 051c CC040000 		.4byte	0x4cc
 727 0520 05       		.uleb128 0x5
 728 0521 03       		.byte	0x3
 729 0522 00000000 		.4byte	SysInt_SW_cfg
 730 0526 00       		.byte	0
 731              		.section	.debug_abbrev,"",%progbits
 732              	.Ldebug_abbrev0:
 733 0000 01       		.uleb128 0x1
 734 0001 11       		.uleb128 0x11
 735 0002 01       		.byte	0x1
 736 0003 25       		.uleb128 0x25
 737 0004 0E       		.uleb128 0xe
 738 0005 13       		.uleb128 0x13
 739 0006 0B       		.uleb128 0xb
 740 0007 03       		.uleb128 0x3
 741 0008 0E       		.uleb128 0xe
ARM GAS  C:\Users\Tornado\AppData\Local\Temp\cct7ATzw.s 			page 14


 742 0009 1B       		.uleb128 0x1b
 743 000a 0E       		.uleb128 0xe
 744 000b 10       		.uleb128 0x10
 745 000c 17       		.uleb128 0x17
 746 000d 00       		.byte	0
 747 000e 00       		.byte	0
 748 000f 02       		.uleb128 0x2
 749 0010 04       		.uleb128 0x4
 750 0011 01       		.byte	0x1
 751 0012 0B       		.uleb128 0xb
 752 0013 0B       		.uleb128 0xb
 753 0014 49       		.uleb128 0x49
 754 0015 13       		.uleb128 0x13
 755 0016 3A       		.uleb128 0x3a
 756 0017 0B       		.uleb128 0xb
 757 0018 3B       		.uleb128 0x3b
 758 0019 0B       		.uleb128 0xb
 759 001a 01       		.uleb128 0x1
 760 001b 13       		.uleb128 0x13
 761 001c 00       		.byte	0
 762 001d 00       		.byte	0
 763 001e 03       		.uleb128 0x3
 764 001f 28       		.uleb128 0x28
 765 0020 00       		.byte	0
 766 0021 03       		.uleb128 0x3
 767 0022 0E       		.uleb128 0xe
 768 0023 1C       		.uleb128 0x1c
 769 0024 0D       		.uleb128 0xd
 770 0025 00       		.byte	0
 771 0026 00       		.byte	0
 772 0027 04       		.uleb128 0x4
 773 0028 28       		.uleb128 0x28
 774 0029 00       		.byte	0
 775 002a 03       		.uleb128 0x3
 776 002b 0E       		.uleb128 0xe
 777 002c 1C       		.uleb128 0x1c
 778 002d 0B       		.uleb128 0xb
 779 002e 00       		.byte	0
 780 002f 00       		.byte	0
 781 0030 05       		.uleb128 0x5
 782 0031 24       		.uleb128 0x24
 783 0032 00       		.byte	0
 784 0033 0B       		.uleb128 0xb
 785 0034 0B       		.uleb128 0xb
 786 0035 3E       		.uleb128 0x3e
 787 0036 0B       		.uleb128 0xb
 788 0037 03       		.uleb128 0x3
 789 0038 0E       		.uleb128 0xe
 790 0039 00       		.byte	0
 791 003a 00       		.byte	0
 792 003b 06       		.uleb128 0x6
 793 003c 16       		.uleb128 0x16
 794 003d 00       		.byte	0
 795 003e 03       		.uleb128 0x3
 796 003f 0E       		.uleb128 0xe
 797 0040 3A       		.uleb128 0x3a
 798 0041 0B       		.uleb128 0xb
ARM GAS  C:\Users\Tornado\AppData\Local\Temp\cct7ATzw.s 			page 15


 799 0042 3B       		.uleb128 0x3b
 800 0043 0B       		.uleb128 0xb
 801 0044 49       		.uleb128 0x49
 802 0045 13       		.uleb128 0x13
 803 0046 00       		.byte	0
 804 0047 00       		.byte	0
 805 0048 07       		.uleb128 0x7
 806 0049 24       		.uleb128 0x24
 807 004a 00       		.byte	0
 808 004b 0B       		.uleb128 0xb
 809 004c 0B       		.uleb128 0xb
 810 004d 3E       		.uleb128 0x3e
 811 004e 0B       		.uleb128 0xb
 812 004f 03       		.uleb128 0x3
 813 0050 08       		.uleb128 0x8
 814 0051 00       		.byte	0
 815 0052 00       		.byte	0
 816 0053 08       		.uleb128 0x8
 817 0054 13       		.uleb128 0x13
 818 0055 01       		.byte	0x1
 819 0056 0B       		.uleb128 0xb
 820 0057 0B       		.uleb128 0xb
 821 0058 3A       		.uleb128 0x3a
 822 0059 0B       		.uleb128 0xb
 823 005a 3B       		.uleb128 0x3b
 824 005b 0B       		.uleb128 0xb
 825 005c 01       		.uleb128 0x1
 826 005d 13       		.uleb128 0x13
 827 005e 00       		.byte	0
 828 005f 00       		.byte	0
 829 0060 09       		.uleb128 0x9
 830 0061 0D       		.uleb128 0xd
 831 0062 00       		.byte	0
 832 0063 03       		.uleb128 0x3
 833 0064 0E       		.uleb128 0xe
 834 0065 3A       		.uleb128 0x3a
 835 0066 0B       		.uleb128 0xb
 836 0067 3B       		.uleb128 0x3b
 837 0068 0B       		.uleb128 0xb
 838 0069 49       		.uleb128 0x49
 839 006a 13       		.uleb128 0x13
 840 006b 38       		.uleb128 0x38
 841 006c 0B       		.uleb128 0xb
 842 006d 00       		.byte	0
 843 006e 00       		.byte	0
 844 006f 0A       		.uleb128 0xa
 845 0070 34       		.uleb128 0x34
 846 0071 00       		.byte	0
 847 0072 03       		.uleb128 0x3
 848 0073 0E       		.uleb128 0xe
 849 0074 3A       		.uleb128 0x3a
 850 0075 0B       		.uleb128 0xb
 851 0076 3B       		.uleb128 0x3b
 852 0077 05       		.uleb128 0x5
 853 0078 49       		.uleb128 0x49
 854 0079 13       		.uleb128 0x13
 855 007a 3F       		.uleb128 0x3f
ARM GAS  C:\Users\Tornado\AppData\Local\Temp\cct7ATzw.s 			page 16


 856 007b 19       		.uleb128 0x19
 857 007c 3C       		.uleb128 0x3c
 858 007d 19       		.uleb128 0x19
 859 007e 00       		.byte	0
 860 007f 00       		.byte	0
 861 0080 0B       		.uleb128 0xb
 862 0081 35       		.uleb128 0x35
 863 0082 00       		.byte	0
 864 0083 49       		.uleb128 0x49
 865 0084 13       		.uleb128 0x13
 866 0085 00       		.byte	0
 867 0086 00       		.byte	0
 868 0087 0C       		.uleb128 0xc
 869 0088 34       		.uleb128 0x34
 870 0089 00       		.byte	0
 871 008a 03       		.uleb128 0x3
 872 008b 0E       		.uleb128 0xe
 873 008c 3A       		.uleb128 0x3a
 874 008d 0B       		.uleb128 0xb
 875 008e 3B       		.uleb128 0x3b
 876 008f 0B       		.uleb128 0xb
 877 0090 49       		.uleb128 0x49
 878 0091 13       		.uleb128 0x13
 879 0092 3F       		.uleb128 0x3f
 880 0093 19       		.uleb128 0x19
 881 0094 02       		.uleb128 0x2
 882 0095 18       		.uleb128 0x18
 883 0096 00       		.byte	0
 884 0097 00       		.byte	0
 885 0098 0D       		.uleb128 0xd
 886 0099 26       		.uleb128 0x26
 887 009a 00       		.byte	0
 888 009b 49       		.uleb128 0x49
 889 009c 13       		.uleb128 0x13
 890 009d 00       		.byte	0
 891 009e 00       		.byte	0
 892 009f 00       		.byte	0
 893              		.section	.debug_aranges,"",%progbits
 894 0000 14000000 		.4byte	0x14
 895 0004 0200     		.2byte	0x2
 896 0006 00000000 		.4byte	.Ldebug_info0
 897 000a 04       		.byte	0x4
 898 000b 00       		.byte	0
 899 000c 0000     		.2byte	0
 900 000e 0000     		.2byte	0
 901 0010 00000000 		.4byte	0
 902 0014 00000000 		.4byte	0
 903              		.section	.debug_line,"",%progbits
 904              	.Ldebug_line0:
 905 0000 10020000 		.section	.debug_str,"MS",%progbits,1
 905      02000A02 
 905      00000201 
 905      FB0E0D00 
 905      01010101 
 906              	.LASF123:
 907 0000 74637077 		.ascii	"tcpwm_1_interrupts_15_IRQn\000"
 907      6D5F315F 
ARM GAS  C:\Users\Tornado\AppData\Local\Temp\cct7ATzw.s 			page 17


 907      696E7465 
 907      72727570 
 907      74735F31 
 908              	.LASF12:
 909 001b 696F7373 		.ascii	"ioss_interrupts_gpio_2_IRQn\000"
 909      5F696E74 
 909      65727275 
 909      7074735F 
 909      6770696F 
 910              	.LASF56:
 911 0037 7363625F 		.ascii	"scb_5_interrupt_IRQn\000"
 911      355F696E 
 911      74657272 
 911      7570745F 
 911      4952516E 
 912              	.LASF104:
 913 004c 74637077 		.ascii	"tcpwm_0_interrupts_4_IRQn\000"
 913      6D5F305F 
 913      696E7465 
 913      72727570 
 913      74735F34 
 914              	.LASF32:
 915 0066 73727373 		.ascii	"srss_interrupt_IRQn\000"
 915      5F696E74 
 915      65727275 
 915      70745F49 
 915      52516E00 
 916              	.LASF28:
 917 007a 7363625F 		.ascii	"scb_8_interrupt_IRQn\000"
 917      385F696E 
 917      74657272 
 917      7570745F 
 917      4952516E 
 918              	.LASF61:
 919 008f 63707573 		.ascii	"cpuss_interrupts_dw0_1_IRQn\000"
 919      735F696E 
 919      74657272 
 919      75707473 
 919      5F647730 
 920              	.LASF144:
 921 00ab 7564625F 		.ascii	"udb_interrupts_12_IRQn\000"
 921      696E7465 
 921      72727570 
 921      74735F31 
 921      325F4952 
 922              	.LASF34:
 923 00c2 626C6573 		.ascii	"bless_interrupt_IRQn\000"
 923      735F696E 
 923      74657272 
 923      7570745F 
 923      4952516E 
 924              	.LASF133:
 925 00d7 7564625F 		.ascii	"udb_interrupts_1_IRQn\000"
 925      696E7465 
 925      72727570 
 925      74735F31 
 925      5F495251 
ARM GAS  C:\Users\Tornado\AppData\Local\Temp\cct7ATzw.s 			page 18


 926              	.LASF51:
 927 00ed 7363625F 		.ascii	"scb_0_interrupt_IRQn\000"
 927      305F696E 
 927      74657272 
 927      7570745F 
 927      4952516E 
 928              	.LASF116:
 929 0102 74637077 		.ascii	"tcpwm_1_interrupts_8_IRQn\000"
 929      6D5F315F 
 929      696E7465 
 929      72727570 
 929      74735F38 
 930              	.LASF39:
 931 011c 63707573 		.ascii	"cpuss_interrupts_ipc_4_IRQn\000"
 931      735F696E 
 931      74657272 
 931      75707473 
 931      5F697063 
 932              	.LASF46:
 933 0138 63707573 		.ascii	"cpuss_interrupts_ipc_11_IRQn\000"
 933      735F696E 
 933      74657272 
 933      75707473 
 933      5F697063 
 934              	.LASF132:
 935 0155 7564625F 		.ascii	"udb_interrupts_0_IRQn\000"
 935      696E7465 
 935      72727570 
 935      74735F30 
 935      5F495251 
 936              	.LASF168:
 937 016b 6C6F6E67 		.ascii	"long long unsigned int\000"
 937      206C6F6E 
 937      6720756E 
 937      7369676E 
 937      65642069 
 938              	.LASF155:
 939 0182 7573625F 		.ascii	"usb_interrupt_lo_IRQn\000"
 939      696E7465 
 939      72727570 
 939      745F6C6F 
 939      5F495251 
 940              	.LASF118:
 941 0198 74637077 		.ascii	"tcpwm_1_interrupts_10_IRQn\000"
 941      6D5F315F 
 941      696E7465 
 941      72727570 
 941      74735F31 
 942              	.LASF10:
 943 01b3 696F7373 		.ascii	"ioss_interrupts_gpio_0_IRQn\000"
 943      5F696E74 
 943      65727275 
 943      7074735F 
 943      6770696F 
 944              	.LASF97:
 945 01cf 63707573 		.ascii	"cpuss_interrupts_cm0_cti_1_IRQn\000"
 945      735F696E 
ARM GAS  C:\Users\Tornado\AppData\Local\Temp\cct7ATzw.s 			page 19


 945      74657272 
 945      75707473 
 945      5F636D30 
 946              	.LASF19:
 947 01ef 696F7373 		.ascii	"ioss_interrupts_gpio_9_IRQn\000"
 947      5F696E74 
 947      65727275 
 947      7074735F 
 947      6770696F 
 948              	.LASF156:
 949 020b 70617373 		.ascii	"pass_interrupt_dacs_IRQn\000"
 949      5F696E74 
 949      65727275 
 949      70745F64 
 949      6163735F 
 950              	.LASF138:
 951 0224 7564625F 		.ascii	"udb_interrupts_6_IRQn\000"
 951      696E7465 
 951      72727570 
 951      74735F36 
 951      5F495251 
 952              	.LASF184:
 953 023a 53797349 		.ascii	"SysInt_ULFMainCnt_cfg\000"
 953      6E745F55 
 953      4C464D61 
 953      696E436E 
 953      745F6366 
 954              	.LASF0:
 955 0250 52657365 		.ascii	"Reset_IRQn\000"
 955      745F4952 
 955      516E00
 956              	.LASF124:
 957 025b 74637077 		.ascii	"tcpwm_1_interrupts_16_IRQn\000"
 957      6D5F315F 
 957      696E7465 
 957      72727570 
 957      74735F31 
 958              	.LASF94:
 959 0276 63707573 		.ascii	"cpuss_interrupt_crypto_IRQn\000"
 959      735F696E 
 959      74657272 
 959      7570745F 
 959      63727970 
 960              	.LASF167:
 961 0292 6C6F6E67 		.ascii	"long long int\000"
 961      206C6F6E 
 961      6720696E 
 961      7400
 962              	.LASF159:
 963 02a0 7369676E 		.ascii	"signed char\000"
 963      65642063 
 963      68617200 
 964              	.LASF105:
 965 02ac 74637077 		.ascii	"tcpwm_0_interrupts_5_IRQn\000"
 965      6D5F305F 
 965      696E7465 
 965      72727570 
ARM GAS  C:\Users\Tornado\AppData\Local\Temp\cct7ATzw.s 			page 20


 965      74735F35 
 966              	.LASF85:
 967 02c6 63707573 		.ascii	"cpuss_interrupts_dw1_9_IRQn\000"
 967      735F696E 
 967      74657272 
 967      75707473 
 967      5F647731 
 968              	.LASF62:
 969 02e2 63707573 		.ascii	"cpuss_interrupts_dw0_2_IRQn\000"
 969      735F696E 
 969      74657272 
 969      75707473 
 969      5F647730 
 970              	.LASF145:
 971 02fe 7564625F 		.ascii	"udb_interrupts_13_IRQn\000"
 971      696E7465 
 971      72727570 
 971      74735F31 
 971      335F4952 
 972              	.LASF27:
 973 0315 6C70636F 		.ascii	"lpcomp_interrupt_IRQn\000"
 973      6D705F69 
 973      6E746572 
 973      72757074 
 973      5F495251 
 974              	.LASF108:
 975 032b 74637077 		.ascii	"tcpwm_1_interrupts_0_IRQn\000"
 975      6D5F315F 
 975      696E7465 
 975      72727570 
 975      74735F30 
 976              	.LASF164:
 977 0345 6C6F6E67 		.ascii	"long int\000"
 977      20696E74 
 977      00
 978              	.LASF117:
 979 034e 74637077 		.ascii	"tcpwm_1_interrupts_9_IRQn\000"
 979      6D5F315F 
 979      696E7465 
 979      72727570 
 979      74735F39 
 980              	.LASF40:
 981 0368 63707573 		.ascii	"cpuss_interrupts_ipc_5_IRQn\000"
 981      735F696E 
 981      74657272 
 981      75707473 
 981      5F697063 
 982              	.LASF83:
 983 0384 63707573 		.ascii	"cpuss_interrupts_dw1_7_IRQn\000"
 983      735F696E 
 983      74657272 
 983      75707473 
 983      5F647731 
 984              	.LASF183:
 985 03a0 53797349 		.ascii	"SysInt_ULFBasebandCnt_cfg\000"
 985      6E745F55 
 985      4C464261 
ARM GAS  C:\Users\Tornado\AppData\Local\Temp\cct7ATzw.s 			page 21


 985      73656261 
 985      6E64436E 
 986              	.LASF84:
 987 03ba 63707573 		.ascii	"cpuss_interrupts_dw1_8_IRQn\000"
 987      735F696E 
 987      74657272 
 987      75707473 
 987      5F647731 
 988              	.LASF189:
 989 03d6 433A5C55 		.ascii	"C:\\Users\\Tornado\\Documents\\PSoC Creator\\CE2202"
 989      73657273 
 989      5C546F72 
 989      6E61646F 
 989      5C446F63 
 990 0404 39315F54 		.ascii	"91_TCPWM_Square_Wave01\\CE220291_TCPWM_Square_Wave0"
 990      4350574D 
 990      5F537175 
 990      6172655F 
 990      57617665 
 991 0436 312E6379 		.ascii	"1.cydsn\000"
 991      64736E00 
 992              	.LASF177:
 993 043e 696E7472 		.ascii	"intrSrc\000"
 993      53726300 
 994              	.LASF119:
 995 0446 74637077 		.ascii	"tcpwm_1_interrupts_11_IRQn\000"
 995      6D5F315F 
 995      696E7465 
 995      72727570 
 995      74735F31 
 996              	.LASF64:
 997 0461 63707573 		.ascii	"cpuss_interrupts_dw0_4_IRQn\000"
 997      735F696E 
 997      74657272 
 997      75707473 
 997      5F647730 
 998              	.LASF25:
 999 047d 696F7373 		.ascii	"ioss_interrupt_gpio_IRQn\000"
 999      5F696E74 
 999      65727275 
 999      70745F67 
 999      70696F5F 
 1000              	.LASF29:
 1001 0496 73727373 		.ascii	"srss_interrupt_mcwdt_0_IRQn\000"
 1001      5F696E74 
 1001      65727275 
 1001      70745F6D 
 1001      63776474 
 1002              	.LASF176:
 1003 04b2 646F7562 		.ascii	"double\000"
 1003      6C6500
 1004              	.LASF149:
 1005 04b9 61756469 		.ascii	"audioss_interrupt_i2s_IRQn\000"
 1005      6F73735F 
 1005      696E7465 
 1005      72727570 
 1005      745F6932 
ARM GAS  C:\Users\Tornado\AppData\Local\Temp\cct7ATzw.s 			page 22


 1006              	.LASF66:
 1007 04d4 63707573 		.ascii	"cpuss_interrupts_dw0_6_IRQn\000"
 1007      735F696E 
 1007      74657272 
 1007      75707473 
 1007      5F647730 
 1008              	.LASF99:
 1009 04f0 63707573 		.ascii	"cpuss_interrupts_cm4_cti_1_IRQn\000"
 1009      735F696E 
 1009      74657272 
 1009      75707473 
 1009      5F636D34 
 1010              	.LASF58:
 1011 0510 7363625F 		.ascii	"scb_7_interrupt_IRQn\000"
 1011      375F696E 
 1011      74657272 
 1011      7570745F 
 1011      4952516E 
 1012              	.LASF106:
 1013 0525 74637077 		.ascii	"tcpwm_0_interrupts_6_IRQn\000"
 1013      6D5F305F 
 1013      696E7465 
 1013      72727570 
 1013      74735F36 
 1014              	.LASF165:
 1015 053f 5F5F7569 		.ascii	"__uint32_t\000"
 1015      6E743332 
 1015      5F7400
 1016              	.LASF4:
 1017 054a 42757346 		.ascii	"BusFault_IRQn\000"
 1017      61756C74 
 1017      5F495251 
 1017      6E00
 1018              	.LASF52:
 1019 0558 7363625F 		.ascii	"scb_1_interrupt_IRQn\000"
 1019      315F696E 
 1019      74657272 
 1019      7570745F 
 1019      4952516E 
 1020              	.LASF146:
 1021 056d 7564625F 		.ascii	"udb_interrupts_14_IRQn\000"
 1021      696E7465 
 1021      72727570 
 1021      74735F31 
 1021      345F4952 
 1022              	.LASF181:
 1023 0584 55415254 		.ascii	"UART_DEBUG_SCB_IRQ_cfg\000"
 1023      5F444542 
 1023      55475F53 
 1023      43425F49 
 1023      52515F63 
 1024              	.LASF53:
 1025 059b 7363625F 		.ascii	"scb_2_interrupt_IRQn\000"
 1025      325F696E 
 1025      74657272 
 1025      7570745F 
 1025      4952516E 
ARM GAS  C:\Users\Tornado\AppData\Local\Temp\cct7ATzw.s 			page 23


 1026              	.LASF74:
 1027 05b0 63707573 		.ascii	"cpuss_interrupts_dw0_14_IRQn\000"
 1027      735F696E 
 1027      74657272 
 1027      75707473 
 1027      5F647730 
 1028              	.LASF15:
 1029 05cd 696F7373 		.ascii	"ioss_interrupts_gpio_5_IRQn\000"
 1029      5F696E74 
 1029      65727275 
 1029      7074735F 
 1029      6770696F 
 1030              	.LASF41:
 1031 05e9 63707573 		.ascii	"cpuss_interrupts_ipc_6_IRQn\000"
 1031      735F696E 
 1031      74657272 
 1031      75707473 
 1031      5F697063 
 1032              	.LASF134:
 1033 0605 7564625F 		.ascii	"udb_interrupts_2_IRQn\000"
 1033      696E7465 
 1033      72727570 
 1033      74735F32 
 1033      5F495251 
 1034              	.LASF23:
 1035 061b 696F7373 		.ascii	"ioss_interrupts_gpio_13_IRQn\000"
 1035      5F696E74 
 1035      65727275 
 1035      7074735F 
 1035      6770696F 
 1036              	.LASF120:
 1037 0638 74637077 		.ascii	"tcpwm_1_interrupts_12_IRQn\000"
 1037      6D5F315F 
 1037      696E7465 
 1037      72727570 
 1037      74735F31 
 1038              	.LASF89:
 1039 0653 63707573 		.ascii	"cpuss_interrupts_dw1_13_IRQn\000"
 1039      735F696E 
 1039      74657272 
 1039      75707473 
 1039      5F647731 
 1040              	.LASF166:
 1041 0670 6C6F6E67 		.ascii	"long unsigned int\000"
 1041      20756E73 
 1041      69676E65 
 1041      6420696E 
 1041      7400
 1042              	.LASF30:
 1043 0682 73727373 		.ascii	"srss_interrupt_mcwdt_1_IRQn\000"
 1043      5F696E74 
 1043      65727275 
 1043      70745F6D 
 1043      63776474 
 1044              	.LASF101:
 1045 069e 74637077 		.ascii	"tcpwm_0_interrupts_1_IRQn\000"
 1045      6D5F305F 
ARM GAS  C:\Users\Tornado\AppData\Local\Temp\cct7ATzw.s 			page 24


 1045      696E7465 
 1045      72727570 
 1045      74735F31 
 1046              	.LASF154:
 1047 06b8 7573625F 		.ascii	"usb_interrupt_med_IRQn\000"
 1047      696E7465 
 1047      72727570 
 1047      745F6D65 
 1047      645F4952 
 1048              	.LASF92:
 1049 06cf 63707573 		.ascii	"cpuss_interrupts_fault_0_IRQn\000"
 1049      735F696E 
 1049      74657272 
 1049      75707473 
 1049      5F666175 
 1050              	.LASF6:
 1051 06ed 53564361 		.ascii	"SVCall_IRQn\000"
 1051      6C6C5F49 
 1051      52516E00 
 1052              	.LASF161:
 1053 06f9 73686F72 		.ascii	"short unsigned int\000"
 1053      7420756E 
 1053      7369676E 
 1053      65642069 
 1053      6E7400
 1054              	.LASF182:
 1055 070c 53797349 		.ascii	"SysInt_Tick_cfg\000"
 1055      6E745F54 
 1055      69636B5F 
 1055      63666700 
 1056              	.LASF113:
 1057 071c 74637077 		.ascii	"tcpwm_1_interrupts_5_IRQn\000"
 1057      6D5F315F 
 1057      696E7465 
 1057      72727570 
 1057      74735F35 
 1058              	.LASF36:
 1059 0736 63707573 		.ascii	"cpuss_interrupts_ipc_1_IRQn\000"
 1059      735F696E 
 1059      74657272 
 1059      75707473 
 1059      5F697063 
 1060              	.LASF80:
 1061 0752 63707573 		.ascii	"cpuss_interrupts_dw1_4_IRQn\000"
 1061      735F696E 
 1061      74657272 
 1061      75707473 
 1061      5F647731 
 1062              	.LASF95:
 1063 076e 63707573 		.ascii	"cpuss_interrupt_fm_IRQn\000"
 1063      735F696E 
 1063      74657272 
 1063      7570745F 
 1063      666D5F49 
 1064              	.LASF75:
 1065 0786 63707573 		.ascii	"cpuss_interrupts_dw0_15_IRQn\000"
 1065      735F696E 
ARM GAS  C:\Users\Tornado\AppData\Local\Temp\cct7ATzw.s 			page 25


 1065      74657272 
 1065      75707473 
 1065      5F647730 
 1066              	.LASF16:
 1067 07a3 696F7373 		.ascii	"ioss_interrupts_gpio_6_IRQn\000"
 1067      5F696E74 
 1067      65727275 
 1067      7074735F 
 1067      6770696F 
 1068              	.LASF135:
 1069 07bf 7564625F 		.ascii	"udb_interrupts_3_IRQn\000"
 1069      696E7465 
 1069      72727570 
 1069      74735F33 
 1069      5F495251 
 1070              	.LASF24:
 1071 07d5 696F7373 		.ascii	"ioss_interrupts_gpio_14_IRQn\000"
 1071      5F696E74 
 1071      65727275 
 1071      7074735F 
 1071      6770696F 
 1072              	.LASF163:
 1073 07f2 5F5F696E 		.ascii	"__int32_t\000"
 1073      7433325F 
 1073      7400
 1074              	.LASF9:
 1075 07fc 53797354 		.ascii	"SysTick_IRQn\000"
 1075      69636B5F 
 1075      4952516E 
 1075      00
 1076              	.LASF90:
 1077 0809 63707573 		.ascii	"cpuss_interrupts_dw1_14_IRQn\000"
 1077      735F696E 
 1077      74657272 
 1077      75707473 
 1077      5F647731 
 1078              	.LASF131:
 1079 0826 74637077 		.ascii	"tcpwm_1_interrupts_23_IRQn\000"
 1079      6D5F315F 
 1079      696E7465 
 1079      72727570 
 1079      74735F32 
 1080              	.LASF102:
 1081 0841 74637077 		.ascii	"tcpwm_0_interrupts_2_IRQn\000"
 1081      6D5F305F 
 1081      696E7465 
 1081      72727570 
 1081      74735F32 
 1082              	.LASF121:
 1083 085b 74637077 		.ascii	"tcpwm_1_interrupts_13_IRQn\000"
 1083      6D5F315F 
 1083      696E7465 
 1083      72727570 
 1083      74735F31 
 1084              	.LASF93:
 1085 0876 63707573 		.ascii	"cpuss_interrupts_fault_1_IRQn\000"
 1085      735F696E 
ARM GAS  C:\Users\Tornado\AppData\Local\Temp\cct7ATzw.s 			page 26


 1085      74657272 
 1085      75707473 
 1085      5F666175 
 1086              	.LASF172:
 1087 0894 73697A65 		.ascii	"sizetype\000"
 1087      74797065 
 1087      00
 1088              	.LASF142:
 1089 089d 7564625F 		.ascii	"udb_interrupts_10_IRQn\000"
 1089      696E7465 
 1089      72727570 
 1089      74735F31 
 1089      305F4952 
 1090              	.LASF68:
 1091 08b4 63707573 		.ascii	"cpuss_interrupts_dw0_8_IRQn\000"
 1091      735F696E 
 1091      74657272 
 1091      75707473 
 1091      5F647730 
 1092              	.LASF179:
 1093 08d0 63795F73 		.ascii	"cy_stc_sysint_t\000"
 1093      74635F73 
 1093      7973696E 
 1093      745F7400 
 1094              	.LASF70:
 1095 08e0 63707573 		.ascii	"cpuss_interrupts_dw0_10_IRQn\000"
 1095      735F696E 
 1095      74657272 
 1095      75707473 
 1095      5F647730 
 1096              	.LASF114:
 1097 08fd 74637077 		.ascii	"tcpwm_1_interrupts_6_IRQn\000"
 1097      6D5F315F 
 1097      696E7465 
 1097      72727570 
 1097      74735F36 
 1098              	.LASF37:
 1099 0917 63707573 		.ascii	"cpuss_interrupts_ipc_2_IRQn\000"
 1099      735F696E 
 1099      74657272 
 1099      75707473 
 1099      5F697063 
 1100              	.LASF81:
 1101 0933 63707573 		.ascii	"cpuss_interrupts_dw1_5_IRQn\000"
 1101      735F696E 
 1101      74657272 
 1101      75707473 
 1101      5F647731 
 1102              	.LASF139:
 1103 094f 7564625F 		.ascii	"udb_interrupts_7_IRQn\000"
 1103      696E7465 
 1103      72727570 
 1103      74735F37 
 1103      5F495251 
 1104              	.LASF125:
 1105 0965 74637077 		.ascii	"tcpwm_1_interrupts_17_IRQn\000"
 1105      6D5F315F 
ARM GAS  C:\Users\Tornado\AppData\Local\Temp\cct7ATzw.s 			page 27


 1105      696E7465 
 1105      72727570 
 1105      74735F31 
 1106              	.LASF55:
 1107 0980 7363625F 		.ascii	"scb_4_interrupt_IRQn\000"
 1107      345F696E 
 1107      74657272 
 1107      7570745F 
 1107      4952516E 
 1108              	.LASF17:
 1109 0995 696F7373 		.ascii	"ioss_interrupts_gpio_7_IRQn\000"
 1109      5F696E74 
 1109      65727275 
 1109      7074735F 
 1109      6770696F 
 1110              	.LASF73:
 1111 09b1 63707573 		.ascii	"cpuss_interrupts_dw0_13_IRQn\000"
 1111      735F696E 
 1111      74657272 
 1111      75707473 
 1111      5F647730 
 1112              	.LASF187:
 1113 09ce 474E5520 		.ascii	"GNU C11 5.4.1 20160609 (release) [ARM/embedded-5-br"
 1113      43313120 
 1113      352E342E 
 1113      31203230 
 1113      31363036 
 1114 0a01 616E6368 		.ascii	"anch revision 237715] -mcpu=cortex-m4 -mfloat-abi=s"
 1114      20726576 
 1114      6973696F 
 1114      6E203233 
 1114      37373135 
 1115 0a34 6F667466 		.ascii	"oftfp -mfpu=fpv4-sp-d16 -mthumb -g -Og -ffunction-s"
 1115      70202D6D 
 1115      6670753D 
 1115      66707634 
 1115      2D73702D 
 1116 0a67 65637469 		.ascii	"ections -ffat-lto-objects\000"
 1116      6F6E7320 
 1116      2D666661 
 1116      742D6C74 
 1116      6F2D6F62 
 1117              	.LASF91:
 1118 0a81 63707573 		.ascii	"cpuss_interrupts_dw1_15_IRQn\000"
 1118      735F696E 
 1118      74657272 
 1118      75707473 
 1118      5F647731 
 1119              	.LASF153:
 1120 0a9e 7573625F 		.ascii	"usb_interrupt_hi_IRQn\000"
 1120      696E7465 
 1120      72727570 
 1120      745F6869 
 1120      5F495251 
 1121              	.LASF175:
 1122 0ab4 666C6F61 		.ascii	"float\000"
 1122      7400
ARM GAS  C:\Users\Tornado\AppData\Local\Temp\cct7ATzw.s 			page 28


 1123              	.LASF63:
 1124 0aba 63707573 		.ascii	"cpuss_interrupts_dw0_3_IRQn\000"
 1124      735F696E 
 1124      74657272 
 1124      75707473 
 1124      5F647730 
 1125              	.LASF21:
 1126 0ad6 696F7373 		.ascii	"ioss_interrupts_gpio_11_IRQn\000"
 1126      5F696E74 
 1126      65727275 
 1126      7074735F 
 1126      6770696F 
 1127              	.LASF3:
 1128 0af3 4D656D6F 		.ascii	"MemoryManagement_IRQn\000"
 1128      72794D61 
 1128      6E616765 
 1128      6D656E74 
 1128      5F495251 
 1129              	.LASF103:
 1130 0b09 74637077 		.ascii	"tcpwm_0_interrupts_3_IRQn\000"
 1130      6D5F305F 
 1130      696E7465 
 1130      72727570 
 1130      74735F33 
 1131              	.LASF128:
 1132 0b23 74637077 		.ascii	"tcpwm_1_interrupts_20_IRQn\000"
 1132      6D5F315F 
 1132      696E7465 
 1132      72727570 
 1132      74735F32 
 1133              	.LASF109:
 1134 0b3e 74637077 		.ascii	"tcpwm_1_interrupts_1_IRQn\000"
 1134      6D5F315F 
 1134      696E7465 
 1134      72727570 
 1134      74735F31 
 1135              	.LASF76:
 1136 0b58 63707573 		.ascii	"cpuss_interrupts_dw1_0_IRQn\000"
 1136      735F696E 
 1136      74657272 
 1136      75707473 
 1136      5F647731 
 1137              	.LASF143:
 1138 0b74 7564625F 		.ascii	"udb_interrupts_11_IRQn\000"
 1138      696E7465 
 1138      72727570 
 1138      74735F31 
 1138      315F4952 
 1139              	.LASF69:
 1140 0b8b 63707573 		.ascii	"cpuss_interrupts_dw0_9_IRQn\000"
 1140      735F696E 
 1140      74657272 
 1140      75707473 
 1140      5F647730 
 1141              	.LASF170:
 1142 0ba7 696E7433 		.ascii	"int32_t\000"
 1142      325F7400 
ARM GAS  C:\Users\Tornado\AppData\Local\Temp\cct7ATzw.s 			page 29


 1143              	.LASF160:
 1144 0baf 756E7369 		.ascii	"unsigned char\000"
 1144      676E6564 
 1144      20636861 
 1144      7200
 1145              	.LASF71:
 1146 0bbd 63707573 		.ascii	"cpuss_interrupts_dw0_11_IRQn\000"
 1146      735F696E 
 1146      74657272 
 1146      75707473 
 1146      5F647730 
 1147              	.LASF115:
 1148 0bda 74637077 		.ascii	"tcpwm_1_interrupts_7_IRQn\000"
 1148      6D5F315F 
 1148      696E7465 
 1148      72727570 
 1148      74735F37 
 1149              	.LASF38:
 1150 0bf4 63707573 		.ascii	"cpuss_interrupts_ipc_3_IRQn\000"
 1150      735F696E 
 1150      74657272 
 1150      75707473 
 1150      5F697063 
 1151              	.LASF180:
 1152 0c10 49544D5F 		.ascii	"ITM_RxBuffer\000"
 1152      52784275 
 1152      66666572 
 1152      00
 1153              	.LASF169:
 1154 0c1d 756E7369 		.ascii	"unsigned int\000"
 1154      676E6564 
 1154      20696E74 
 1154      00
 1155              	.LASF20:
 1156 0c2a 696F7373 		.ascii	"ioss_interrupts_gpio_10_IRQn\000"
 1156      5F696E74 
 1156      65727275 
 1156      7074735F 
 1156      6770696F 
 1157              	.LASF140:
 1158 0c47 7564625F 		.ascii	"udb_interrupts_8_IRQn\000"
 1158      696E7465 
 1158      72727570 
 1158      74735F38 
 1158      5F495251 
 1159              	.LASF157:
 1160 0c5d 756E636F 		.ascii	"unconnected_IRQn\000"
 1160      6E6E6563 
 1160      7465645F 
 1160      4952516E 
 1160      00
 1161              	.LASF158:
 1162 0c6e 73686F72 		.ascii	"short int\000"
 1162      7420696E 
 1162      7400
 1163              	.LASF98:
 1164 0c78 63707573 		.ascii	"cpuss_interrupts_cm4_cti_0_IRQn\000"
ARM GAS  C:\Users\Tornado\AppData\Local\Temp\cct7ATzw.s 			page 30


 1164      735F696E 
 1164      74657272 
 1164      75707473 
 1164      5F636D34 
 1165              	.LASF126:
 1166 0c98 74637077 		.ascii	"tcpwm_1_interrupts_18_IRQn\000"
 1166      6D5F315F 
 1166      696E7465 
 1166      72727570 
 1166      74735F31 
 1167              	.LASF79:
 1168 0cb3 63707573 		.ascii	"cpuss_interrupts_dw1_3_IRQn\000"
 1168      735F696E 
 1168      74657272 
 1168      75707473 
 1168      5F647731 
 1169              	.LASF107:
 1170 0ccf 74637077 		.ascii	"tcpwm_0_interrupts_7_IRQn\000"
 1170      6D5F305F 
 1170      696E7465 
 1170      72727570 
 1170      74735F37 
 1171              	.LASF87:
 1172 0ce9 63707573 		.ascii	"cpuss_interrupts_dw1_11_IRQn\000"
 1172      735F696E 
 1172      74657272 
 1172      75707473 
 1172      5F647731 
 1173              	.LASF147:
 1174 0d06 7564625F 		.ascii	"udb_interrupts_15_IRQn\000"
 1174      696E7465 
 1174      72727570 
 1174      74735F31 
 1174      355F4952 
 1175              	.LASF162:
 1176 0d1d 4952516E 		.ascii	"IRQn_Type\000"
 1176      5F547970 
 1176      6500
 1177              	.LASF129:
 1178 0d27 74637077 		.ascii	"tcpwm_1_interrupts_21_IRQn\000"
 1178      6D5F315F 
 1178      696E7465 
 1178      72727570 
 1178      74735F32 
 1179              	.LASF171:
 1180 0d42 75696E74 		.ascii	"uint32_t\000"
 1180      33325F74 
 1180      00
 1181              	.LASF110:
 1182 0d4b 74637077 		.ascii	"tcpwm_1_interrupts_2_IRQn\000"
 1182      6D5F315F 
 1182      696E7465 
 1182      72727570 
 1182      74735F32 
 1183              	.LASF5:
 1184 0d65 55736167 		.ascii	"UsageFault_IRQn\000"
 1184      65466175 
ARM GAS  C:\Users\Tornado\AppData\Local\Temp\cct7ATzw.s 			page 31


 1184      6C745F49 
 1184      52516E00 
 1185              	.LASF42:
 1186 0d75 63707573 		.ascii	"cpuss_interrupts_ipc_7_IRQn\000"
 1186      735F696E 
 1186      74657272 
 1186      75707473 
 1186      5F697063 
 1187              	.LASF77:
 1188 0d91 63707573 		.ascii	"cpuss_interrupts_dw1_1_IRQn\000"
 1188      735F696E 
 1188      74657272 
 1188      75707473 
 1188      5F647731 
 1189              	.LASF49:
 1190 0dad 63707573 		.ascii	"cpuss_interrupts_ipc_14_IRQn\000"
 1190      735F696E 
 1190      74657272 
 1190      75707473 
 1190      5F697063 
 1191              	.LASF150:
 1192 0dca 61756469 		.ascii	"audioss_interrupt_pdm_IRQn\000"
 1192      6F73735F 
 1192      696E7465 
 1192      72727570 
 1192      745F7064 
 1193              	.LASF173:
 1194 0de5 6C6F6E67 		.ascii	"long double\000"
 1194      20646F75 
 1194      626C6500 
 1195              	.LASF174:
 1196 0df1 63686172 		.ascii	"char\000"
 1196      00
 1197              	.LASF188:
 1198 0df6 47656E65 		.ascii	"Generated_Source\\PSoC6\\cyfitter_sysint_cfg.c\000"
 1198      72617465 
 1198      645F536F 
 1198      75726365 
 1198      5C50536F 
 1199              	.LASF72:
 1200 0e23 63707573 		.ascii	"cpuss_interrupts_dw0_12_IRQn\000"
 1200      735F696E 
 1200      74657272 
 1200      75707473 
 1200      5F647730 
 1201              	.LASF185:
 1202 0e40 53797349 		.ascii	"SysInt_ULFCarrierCnt_cfg\000"
 1202      6E745F55 
 1202      4C464361 
 1202      72726965 
 1202      72436E74 
 1203              	.LASF148:
 1204 0e59 70617373 		.ascii	"pass_interrupt_sar_IRQn\000"
 1204      5F696E74 
 1204      65727275 
 1204      70745F73 
 1204      61725F49 
ARM GAS  C:\Users\Tornado\AppData\Local\Temp\cct7ATzw.s 			page 32


 1205              	.LASF8:
 1206 0e71 50656E64 		.ascii	"PendSV_IRQn\000"
 1206      53565F49 
 1206      52516E00 
 1207              	.LASF54:
 1208 0e7d 7363625F 		.ascii	"scb_3_interrupt_IRQn\000"
 1208      335F696E 
 1208      74657272 
 1208      7570745F 
 1208      4952516E 
 1209              	.LASF141:
 1210 0e92 7564625F 		.ascii	"udb_interrupts_9_IRQn\000"
 1210      696E7465 
 1210      72727570 
 1210      74735F39 
 1210      5F495251 
 1211              	.LASF1:
 1212 0ea8 4E6F6E4D 		.ascii	"NonMaskableInt_IRQn\000"
 1212      61736B61 
 1212      626C6549 
 1212      6E745F49 
 1212      52516E00 
 1213              	.LASF13:
 1214 0ebc 696F7373 		.ascii	"ioss_interrupts_gpio_3_IRQn\000"
 1214      5F696E74 
 1214      65727275 
 1214      7074735F 
 1214      6770696F 
 1215              	.LASF127:
 1216 0ed8 74637077 		.ascii	"tcpwm_1_interrupts_19_IRQn\000"
 1216      6D5F315F 
 1216      696E7465 
 1216      72727570 
 1216      74735F31 
 1217              	.LASF57:
 1218 0ef3 7363625F 		.ascii	"scb_6_interrupt_IRQn\000"
 1218      365F696E 
 1218      74657272 
 1218      7570745F 
 1218      4952516E 
 1219              	.LASF47:
 1220 0f08 63707573 		.ascii	"cpuss_interrupts_ipc_12_IRQn\000"
 1220      735F696E 
 1220      74657272 
 1220      75707473 
 1220      5F697063 
 1221              	.LASF11:
 1222 0f25 696F7373 		.ascii	"ioss_interrupts_gpio_1_IRQn\000"
 1222      5F696E74 
 1222      65727275 
 1222      7074735F 
 1222      6770696F 
 1223              	.LASF2:
 1224 0f41 48617264 		.ascii	"HardFault_IRQn\000"
 1224      4661756C 
 1224      745F4952 
 1224      516E00
ARM GAS  C:\Users\Tornado\AppData\Local\Temp\cct7ATzw.s 			page 33


 1225              	.LASF65:
 1226 0f50 63707573 		.ascii	"cpuss_interrupts_dw0_5_IRQn\000"
 1226      735F696E 
 1226      74657272 
 1226      75707473 
 1226      5F647730 
 1227              	.LASF7:
 1228 0f6c 44656275 		.ascii	"DebugMonitor_IRQn\000"
 1228      674D6F6E 
 1228      69746F72 
 1228      5F495251 
 1228      6E00
 1229              	.LASF59:
 1230 0f7e 6373645F 		.ascii	"csd_interrupt_IRQn\000"
 1230      696E7465 
 1230      72727570 
 1230      745F4952 
 1230      516E00
 1231              	.LASF35:
 1232 0f91 63707573 		.ascii	"cpuss_interrupts_ipc_0_IRQn\000"
 1232      735F696E 
 1232      74657272 
 1232      75707473 
 1232      5F697063 
 1233              	.LASF130:
 1234 0fad 74637077 		.ascii	"tcpwm_1_interrupts_22_IRQn\000"
 1234      6D5F315F 
 1234      696E7465 
 1234      72727570 
 1234      74735F32 
 1235              	.LASF111:
 1236 0fc8 74637077 		.ascii	"tcpwm_1_interrupts_3_IRQn\000"
 1236      6D5F315F 
 1236      696E7465 
 1236      72727570 
 1236      74735F33 
 1237              	.LASF43:
 1238 0fe2 63707573 		.ascii	"cpuss_interrupts_ipc_8_IRQn\000"
 1238      735F696E 
 1238      74657272 
 1238      75707473 
 1238      5F697063 
 1239              	.LASF78:
 1240 0ffe 63707573 		.ascii	"cpuss_interrupts_dw1_2_IRQn\000"
 1240      735F696E 
 1240      74657272 
 1240      75707473 
 1240      5F647731 
 1241              	.LASF50:
 1242 101a 63707573 		.ascii	"cpuss_interrupts_ipc_15_IRQn\000"
 1242      735F696E 
 1242      74657272 
 1242      75707473 
 1242      5F697063 
 1243              	.LASF136:
 1244 1037 7564625F 		.ascii	"udb_interrupts_4_IRQn\000"
 1244      696E7465 
ARM GAS  C:\Users\Tornado\AppData\Local\Temp\cct7ATzw.s 			page 34


 1244      72727570 
 1244      74735F34 
 1244      5F495251 
 1245              	.LASF122:
 1246 104d 74637077 		.ascii	"tcpwm_1_interrupts_14_IRQn\000"
 1246      6D5F315F 
 1246      696E7465 
 1246      72727570 
 1246      74735F31 
 1247              	.LASF14:
 1248 1068 696F7373 		.ascii	"ioss_interrupts_gpio_4_IRQn\000"
 1248      5F696E74 
 1248      65727275 
 1248      7074735F 
 1248      6770696F 
 1249              	.LASF152:
 1250 1084 736D6966 		.ascii	"smif_interrupt_IRQn\000"
 1250      5F696E74 
 1250      65727275 
 1250      70745F49 
 1250      52516E00 
 1251              	.LASF22:
 1252 1098 696F7373 		.ascii	"ioss_interrupts_gpio_12_IRQn\000"
 1252      5F696E74 
 1252      65727275 
 1252      7074735F 
 1252      6770696F 
 1253              	.LASF151:
 1254 10b5 70726F66 		.ascii	"profile_interrupt_IRQn\000"
 1254      696C655F 
 1254      696E7465 
 1254      72727570 
 1254      745F4952 
 1255              	.LASF186:
 1256 10cc 53797349 		.ascii	"SysInt_SW_cfg\000"
 1256      6E745F53 
 1256      575F6366 
 1256      6700
 1257              	.LASF88:
 1258 10da 63707573 		.ascii	"cpuss_interrupts_dw1_12_IRQn\000"
 1258      735F696E 
 1258      74657272 
 1258      75707473 
 1258      5F647731 
 1259              	.LASF60:
 1260 10f7 63707573 		.ascii	"cpuss_interrupts_dw0_0_IRQn\000"
 1260      735F696E 
 1260      74657272 
 1260      75707473 
 1260      5F647730 
 1261              	.LASF26:
 1262 1113 696F7373 		.ascii	"ioss_interrupt_vdd_IRQn\000"
 1262      5F696E74 
 1262      65727275 
 1262      70745F76 
 1262      64645F49 
 1263              	.LASF100:
ARM GAS  C:\Users\Tornado\AppData\Local\Temp\cct7ATzw.s 			page 35


 1264 112b 74637077 		.ascii	"tcpwm_0_interrupts_0_IRQn\000"
 1264      6D5F305F 
 1264      696E7465 
 1264      72727570 
 1264      74735F30 
 1265              	.LASF33:
 1266 1145 70617373 		.ascii	"pass_interrupt_ctbs_IRQn\000"
 1266      5F696E74 
 1266      65727275 
 1266      70745F63 
 1266      7462735F 
 1267              	.LASF86:
 1268 115e 63707573 		.ascii	"cpuss_interrupts_dw1_10_IRQn\000"
 1268      735F696E 
 1268      74657272 
 1268      75707473 
 1268      5F647731 
 1269              	.LASF31:
 1270 117b 73727373 		.ascii	"srss_interrupt_backup_IRQn\000"
 1270      5F696E74 
 1270      65727275 
 1270      70745F62 
 1270      61636B75 
 1271              	.LASF45:
 1272 1196 63707573 		.ascii	"cpuss_interrupts_ipc_10_IRQn\000"
 1272      735F696E 
 1272      74657272 
 1272      75707473 
 1272      5F697063 
 1273              	.LASF82:
 1274 11b3 63707573 		.ascii	"cpuss_interrupts_dw1_6_IRQn\000"
 1274      735F696E 
 1274      74657272 
 1274      75707473 
 1274      5F647731 
 1275              	.LASF67:
 1276 11cf 63707573 		.ascii	"cpuss_interrupts_dw0_7_IRQn\000"
 1276      735F696E 
 1276      74657272 
 1276      75707473 
 1276      5F647730 
 1277              	.LASF178:
 1278 11eb 696E7472 		.ascii	"intrPriority\000"
 1278      5072696F 
 1278      72697479 
 1278      00
 1279              	.LASF112:
 1280 11f8 74637077 		.ascii	"tcpwm_1_interrupts_4_IRQn\000"
 1280      6D5F315F 
 1280      696E7465 
 1280      72727570 
 1280      74735F34 
 1281              	.LASF96:
 1282 1212 63707573 		.ascii	"cpuss_interrupts_cm0_cti_0_IRQn\000"
 1282      735F696E 
 1282      74657272 
 1282      75707473 
ARM GAS  C:\Users\Tornado\AppData\Local\Temp\cct7ATzw.s 			page 36


 1282      5F636D30 
 1283              	.LASF18:
 1284 1232 696F7373 		.ascii	"ioss_interrupts_gpio_8_IRQn\000"
 1284      5F696E74 
 1284      65727275 
 1284      7074735F 
 1284      6770696F 
 1285              	.LASF44:
 1286 124e 63707573 		.ascii	"cpuss_interrupts_ipc_9_IRQn\000"
 1286      735F696E 
 1286      74657272 
 1286      75707473 
 1286      5F697063 
 1287              	.LASF137:
 1288 126a 7564625F 		.ascii	"udb_interrupts_5_IRQn\000"
 1288      696E7465 
 1288      72727570 
 1288      74735F35 
 1288      5F495251 
 1289              	.LASF48:
 1290 1280 63707573 		.ascii	"cpuss_interrupts_ipc_13_IRQn\000"
 1290      735F696E 
 1290      74657272 
 1290      75707473 
 1290      5F697063 
 1291              		.ident	"GCC: (GNU Tools for ARM Embedded Processors) 5.4.1 20160609 (release) [ARM/embedded-5-bran
