ARM GAS  C:\Users\Tornado\AppData\Local\Temp\ccMPAiG0.s 			page 1


   1              		.syntax unified
   2              		.cpu cortex-m0plus
   3              		.fpu softvfp
   4              		.eabi_attribute 20, 1
   5              		.eabi_attribute 21, 1
   6              		.eabi_attribute 23, 3
   7              		.eabi_attribute 24, 1
   8              		.eabi_attribute 25, 1
   9              		.eabi_attribute 26, 1
  10              		.eabi_attribute 30, 1
  11              		.eabi_attribute 34, 0
  12              		.eabi_attribute 18, 4
  13              		.thumb
  14              		.syntax unified
  15              		.file	"main_cm0p.c"
  16              		.text
  17              	.Ltext0:
  18              		.cfi_sections	.debug_frame
  19              		.section	.text.main,"ax",%progbits
  20              		.align	2
  21              		.global	main
  22              		.code	16
  23              		.thumb_func
  24              		.type	main, %function
  25              	main:
  26              	.LFB533:
  27              		.file 1 "main_cm0p.c"
   1:main_cm0p.c   **** /******************************************************************************
   2:main_cm0p.c   **** * File Name: main_cm0p.c
   3:main_cm0p.c   **** *
   4:main_cm0p.c   **** * Version: 1.20
   5:main_cm0p.c   **** *
   6:main_cm0p.c   **** * Description: Cortex-M4 is used in this project. See the main_cm4.c
   7:main_cm0p.c   **** * for the main functions.
   8:main_cm0p.c   **** *
   9:main_cm0p.c   **** * Related Document: CE220291.pdf
  10:main_cm0p.c   **** *
  11:main_cm0p.c   **** * Hardware Dependency: See CE220290.pdf
  12:main_cm0p.c   **** *
  13:main_cm0p.c   **** *******************************************************************************
  14:main_cm0p.c   **** * Copyright (2017), Cypress Semiconductor Corporation. All rights reserved.
  15:main_cm0p.c   **** *******************************************************************************
  16:main_cm0p.c   **** * This software, including source code, documentation and related materials
  17:main_cm0p.c   **** * (“Software”), is owned by Cypress Semiconductor Corporation or one of its
  18:main_cm0p.c   **** * subsidiaries (“Cypress”) and is protected by and subject to worldwide patent
  19:main_cm0p.c   **** * protection (United States and foreign), United States copyright laws and
  20:main_cm0p.c   **** * international treaty provisions. Therefore, you may use this Software only
  21:main_cm0p.c   **** * as provided in the license agreement accompanying the software package from
  22:main_cm0p.c   **** * which you obtained this Software (“EULA”).
  23:main_cm0p.c   **** *
  24:main_cm0p.c   **** * If no EULA applies, Cypress hereby grants you a personal, nonexclusive,
  25:main_cm0p.c   **** * non-transferable license to copy, modify, and compile the Software source
  26:main_cm0p.c   **** * code solely for use in connection with Cypress’s integrated circuit products.
  27:main_cm0p.c   **** * Any reproduction, modification, translation, compilation, or representation
  28:main_cm0p.c   **** * of this Software except as specified above is prohibited without the express
  29:main_cm0p.c   **** * written permission of Cypress.
  30:main_cm0p.c   **** *
ARM GAS  C:\Users\Tornado\AppData\Local\Temp\ccMPAiG0.s 			page 2


  31:main_cm0p.c   **** * Disclaimer: THIS SOFTWARE IS PROVIDED AS-IS, WITH NO WARRANTY OF ANY KIND, 
  32:main_cm0p.c   **** * EXPRESS OR IMPLIED, INCLUDING, BUT NOT LIMITED TO, NONINFRINGEMENT, IMPLIED 
  33:main_cm0p.c   **** * WARRANTIES OF MERCHANTABILITY AND FITNESS FOR A PARTICULAR PURPOSE. Cypress 
  34:main_cm0p.c   **** * reserves the right to make changes to the Software without notice. Cypress 
  35:main_cm0p.c   **** * does not assume any liability arising out of the application or use of the 
  36:main_cm0p.c   **** * Software or any product or circuit described in the Software. Cypress does 
  37:main_cm0p.c   **** * not authorize its products for use in any products where a malfunction or 
  38:main_cm0p.c   **** * failure of the Cypress product may reasonably be expected to result in 
  39:main_cm0p.c   **** * significant property damage, injury or death (“High Risk Product”). By 
  40:main_cm0p.c   **** * including Cypress’s product in a High Risk Product, the manufacturer of such 
  41:main_cm0p.c   **** * system or application assumes all risk of such use and in doing so agrees to 
  42:main_cm0p.c   **** * indemnify Cypress against all liability.
  43:main_cm0p.c   **** *******************************************************************************/
  44:main_cm0p.c   **** 
  45:main_cm0p.c   **** #include "project.h"
  46:main_cm0p.c   **** 
  47:main_cm0p.c   **** 
  48:main_cm0p.c   **** /*******************************************************************************
  49:main_cm0p.c   **** * Function Name: main
  50:main_cm0p.c   **** ********************************************************************************
  51:main_cm0p.c   **** *
  52:main_cm0p.c   **** * Summary: This is the system entrance point for Cortex-M0+. This function 
  53:main_cm0p.c   **** * enables the Cortex-M4 and puts the Cortex-M0+ in Deep Sleep power mode
  54:main_cm0p.c   **** * to save power.
  55:main_cm0p.c   **** *
  56:main_cm0p.c   **** * Parameters:
  57:main_cm0p.c   **** *  None
  58:main_cm0p.c   **** *
  59:main_cm0p.c   **** * Return:
  60:main_cm0p.c   **** *  None
  61:main_cm0p.c   **** *
  62:main_cm0p.c   **** * Side Effects:
  63:main_cm0p.c   **** *  None  
  64:main_cm0p.c   **** *
  65:main_cm0p.c   **** *******************************************************************************/
  66:main_cm0p.c   **** int main(void)
  67:main_cm0p.c   **** {
  28              		.loc 1 67 0
  29              		.cfi_startproc
  30              		@ Volatile: function does not return.
  31              		@ args = 0, pretend = 0, frame = 0
  32              		@ frame_needed = 0, uses_anonymous_args = 0
  33 0000 10B5     		push	{r4, lr}
  34              		.cfi_def_cfa_offset 8
  35              		.cfi_offset 4, -8
  36              		.cfi_offset 14, -4
  37              	.LBB4:
  38              	.LBB5:
  39              		.file 2 "Generated_Source\\PSoC6\\pdl\\cmsis/include/cmsis_gcc.h"
   1:Generated_Source\PSoC6\pdl\cmsis/include/cmsis_gcc.h **** /**************************************************************************//**
   2:Generated_Source\PSoC6\pdl\cmsis/include/cmsis_gcc.h ****  * @file     cmsis_gcc.h
   3:Generated_Source\PSoC6\pdl\cmsis/include/cmsis_gcc.h ****  * @brief    CMSIS compiler GCC header file
   4:Generated_Source\PSoC6\pdl\cmsis/include/cmsis_gcc.h ****  * @version  V5.0.1
   5:Generated_Source\PSoC6\pdl\cmsis/include/cmsis_gcc.h ****  * @date     02. February 2017
   6:Generated_Source\PSoC6\pdl\cmsis/include/cmsis_gcc.h ****  ******************************************************************************/
   7:Generated_Source\PSoC6\pdl\cmsis/include/cmsis_gcc.h **** /*
   8:Generated_Source\PSoC6\pdl\cmsis/include/cmsis_gcc.h ****  * Copyright (c) 2009-2017 ARM Limited. All rights reserved.
ARM GAS  C:\Users\Tornado\AppData\Local\Temp\ccMPAiG0.s 			page 3


   9:Generated_Source\PSoC6\pdl\cmsis/include/cmsis_gcc.h ****  *
  10:Generated_Source\PSoC6\pdl\cmsis/include/cmsis_gcc.h ****  * SPDX-License-Identifier: Apache-2.0
  11:Generated_Source\PSoC6\pdl\cmsis/include/cmsis_gcc.h ****  *
  12:Generated_Source\PSoC6\pdl\cmsis/include/cmsis_gcc.h ****  * Licensed under the Apache License, Version 2.0 (the License); you may
  13:Generated_Source\PSoC6\pdl\cmsis/include/cmsis_gcc.h ****  * not use this file except in compliance with the License.
  14:Generated_Source\PSoC6\pdl\cmsis/include/cmsis_gcc.h ****  * You may obtain a copy of the License at
  15:Generated_Source\PSoC6\pdl\cmsis/include/cmsis_gcc.h ****  *
  16:Generated_Source\PSoC6\pdl\cmsis/include/cmsis_gcc.h ****  * www.apache.org/licenses/LICENSE-2.0
  17:Generated_Source\PSoC6\pdl\cmsis/include/cmsis_gcc.h ****  *
  18:Generated_Source\PSoC6\pdl\cmsis/include/cmsis_gcc.h ****  * Unless required by applicable law or agreed to in writing, software
  19:Generated_Source\PSoC6\pdl\cmsis/include/cmsis_gcc.h ****  * distributed under the License is distributed on an AS IS BASIS, WITHOUT
  20:Generated_Source\PSoC6\pdl\cmsis/include/cmsis_gcc.h ****  * WARRANTIES OR CONDITIONS OF ANY KIND, either express or implied.
  21:Generated_Source\PSoC6\pdl\cmsis/include/cmsis_gcc.h ****  * See the License for the specific language governing permissions and
  22:Generated_Source\PSoC6\pdl\cmsis/include/cmsis_gcc.h ****  * limitations under the License.
  23:Generated_Source\PSoC6\pdl\cmsis/include/cmsis_gcc.h ****  */
  24:Generated_Source\PSoC6\pdl\cmsis/include/cmsis_gcc.h **** 
  25:Generated_Source\PSoC6\pdl\cmsis/include/cmsis_gcc.h **** #ifndef __CMSIS_GCC_H
  26:Generated_Source\PSoC6\pdl\cmsis/include/cmsis_gcc.h **** #define __CMSIS_GCC_H
  27:Generated_Source\PSoC6\pdl\cmsis/include/cmsis_gcc.h **** 
  28:Generated_Source\PSoC6\pdl\cmsis/include/cmsis_gcc.h **** /* ignore some GCC warnings */
  29:Generated_Source\PSoC6\pdl\cmsis/include/cmsis_gcc.h **** #pragma GCC diagnostic push
  30:Generated_Source\PSoC6\pdl\cmsis/include/cmsis_gcc.h **** #pragma GCC diagnostic ignored "-Wsign-conversion"
  31:Generated_Source\PSoC6\pdl\cmsis/include/cmsis_gcc.h **** #pragma GCC diagnostic ignored "-Wconversion"
  32:Generated_Source\PSoC6\pdl\cmsis/include/cmsis_gcc.h **** #pragma GCC diagnostic ignored "-Wunused-parameter"
  33:Generated_Source\PSoC6\pdl\cmsis/include/cmsis_gcc.h **** 
  34:Generated_Source\PSoC6\pdl\cmsis/include/cmsis_gcc.h **** /* CMSIS compiler specific defines */
  35:Generated_Source\PSoC6\pdl\cmsis/include/cmsis_gcc.h **** #ifndef   __ASM
  36:Generated_Source\PSoC6\pdl\cmsis/include/cmsis_gcc.h ****   #define __ASM                     __asm
  37:Generated_Source\PSoC6\pdl\cmsis/include/cmsis_gcc.h **** #endif
  38:Generated_Source\PSoC6\pdl\cmsis/include/cmsis_gcc.h **** #ifndef   __INLINE
  39:Generated_Source\PSoC6\pdl\cmsis/include/cmsis_gcc.h ****   #define __INLINE                  inline
  40:Generated_Source\PSoC6\pdl\cmsis/include/cmsis_gcc.h **** #endif
  41:Generated_Source\PSoC6\pdl\cmsis/include/cmsis_gcc.h **** #ifndef   __STATIC_INLINE
  42:Generated_Source\PSoC6\pdl\cmsis/include/cmsis_gcc.h ****   #define __STATIC_INLINE           static inline
  43:Generated_Source\PSoC6\pdl\cmsis/include/cmsis_gcc.h **** #endif
  44:Generated_Source\PSoC6\pdl\cmsis/include/cmsis_gcc.h **** #ifndef   __NO_RETURN
  45:Generated_Source\PSoC6\pdl\cmsis/include/cmsis_gcc.h ****   #define __NO_RETURN               __attribute__((noreturn))
  46:Generated_Source\PSoC6\pdl\cmsis/include/cmsis_gcc.h **** #endif
  47:Generated_Source\PSoC6\pdl\cmsis/include/cmsis_gcc.h **** #ifndef   __USED
  48:Generated_Source\PSoC6\pdl\cmsis/include/cmsis_gcc.h ****   #define __USED                    __attribute__((used))
  49:Generated_Source\PSoC6\pdl\cmsis/include/cmsis_gcc.h **** #endif
  50:Generated_Source\PSoC6\pdl\cmsis/include/cmsis_gcc.h **** #ifndef   __WEAK
  51:Generated_Source\PSoC6\pdl\cmsis/include/cmsis_gcc.h ****   #define __WEAK                    __attribute__((weak))
  52:Generated_Source\PSoC6\pdl\cmsis/include/cmsis_gcc.h **** #endif
  53:Generated_Source\PSoC6\pdl\cmsis/include/cmsis_gcc.h **** #ifndef   __UNALIGNED_UINT32
  54:Generated_Source\PSoC6\pdl\cmsis/include/cmsis_gcc.h **** #pragma GCC diagnostic push
  55:Generated_Source\PSoC6\pdl\cmsis/include/cmsis_gcc.h **** #pragma GCC diagnostic ignored "-Wpacked"
  56:Generated_Source\PSoC6\pdl\cmsis/include/cmsis_gcc.h **** #pragma GCC diagnostic ignored "-Wattributes"
  57:Generated_Source\PSoC6\pdl\cmsis/include/cmsis_gcc.h ****   struct __attribute__((packed)) T_UINT32 { uint32_t v; };
  58:Generated_Source\PSoC6\pdl\cmsis/include/cmsis_gcc.h **** #pragma GCC diagnostic pop
  59:Generated_Source\PSoC6\pdl\cmsis/include/cmsis_gcc.h ****   #define __UNALIGNED_UINT32(x)     (((struct T_UINT32 *)(x))->v)
  60:Generated_Source\PSoC6\pdl\cmsis/include/cmsis_gcc.h **** #endif
  61:Generated_Source\PSoC6\pdl\cmsis/include/cmsis_gcc.h **** #ifndef   __ALIGNED
  62:Generated_Source\PSoC6\pdl\cmsis/include/cmsis_gcc.h ****   #define __ALIGNED(x)              __attribute__((aligned(x)))
  63:Generated_Source\PSoC6\pdl\cmsis/include/cmsis_gcc.h **** #endif
  64:Generated_Source\PSoC6\pdl\cmsis/include/cmsis_gcc.h **** #ifndef   __PACKED
  65:Generated_Source\PSoC6\pdl\cmsis/include/cmsis_gcc.h ****   #define __PACKED                  __attribute__((packed, aligned(1)))
ARM GAS  C:\Users\Tornado\AppData\Local\Temp\ccMPAiG0.s 			page 4


  66:Generated_Source\PSoC6\pdl\cmsis/include/cmsis_gcc.h **** #endif
  67:Generated_Source\PSoC6\pdl\cmsis/include/cmsis_gcc.h **** #ifndef   __PACKED_STRUCT
  68:Generated_Source\PSoC6\pdl\cmsis/include/cmsis_gcc.h ****   #define __PACKED_STRUCT           struct __attribute__((packed, aligned(1)))
  69:Generated_Source\PSoC6\pdl\cmsis/include/cmsis_gcc.h **** #endif
  70:Generated_Source\PSoC6\pdl\cmsis/include/cmsis_gcc.h **** 
  71:Generated_Source\PSoC6\pdl\cmsis/include/cmsis_gcc.h **** 
  72:Generated_Source\PSoC6\pdl\cmsis/include/cmsis_gcc.h **** /* ###########################  Core Function Access  ########################### */
  73:Generated_Source\PSoC6\pdl\cmsis/include/cmsis_gcc.h **** /** \ingroup  CMSIS_Core_FunctionInterface
  74:Generated_Source\PSoC6\pdl\cmsis/include/cmsis_gcc.h ****     \defgroup CMSIS_Core_RegAccFunctions CMSIS Core Register Access Functions
  75:Generated_Source\PSoC6\pdl\cmsis/include/cmsis_gcc.h ****   @{
  76:Generated_Source\PSoC6\pdl\cmsis/include/cmsis_gcc.h ****  */
  77:Generated_Source\PSoC6\pdl\cmsis/include/cmsis_gcc.h **** 
  78:Generated_Source\PSoC6\pdl\cmsis/include/cmsis_gcc.h **** /**
  79:Generated_Source\PSoC6\pdl\cmsis/include/cmsis_gcc.h ****   \brief   Enable IRQ Interrupts
  80:Generated_Source\PSoC6\pdl\cmsis/include/cmsis_gcc.h ****   \details Enables IRQ interrupts by clearing the I-bit in the CPSR.
  81:Generated_Source\PSoC6\pdl\cmsis/include/cmsis_gcc.h ****            Can only be executed in Privileged modes.
  82:Generated_Source\PSoC6\pdl\cmsis/include/cmsis_gcc.h ****  */
  83:Generated_Source\PSoC6\pdl\cmsis/include/cmsis_gcc.h **** __attribute__((always_inline)) __STATIC_INLINE void __enable_irq(void)
  84:Generated_Source\PSoC6\pdl\cmsis/include/cmsis_gcc.h **** {
  85:Generated_Source\PSoC6\pdl\cmsis/include/cmsis_gcc.h ****   __ASM volatile ("cpsie i" : : : "memory");
  40              		.loc 2 85 0
  41              		.syntax divided
  42              	@ 85 "Generated_Source\PSoC6\pdl\cmsis/include/cmsis_gcc.h" 1
  43 0002 62B6     		cpsie i
  44              	@ 0 "" 2
  45              		.thumb
  46              		.syntax unified
  47              	.LBE5:
  48              	.LBE4:
  68:main_cm0p.c   ****     __enable_irq(); /* Enable global interrupts. */
  69:main_cm0p.c   ****     
  70:main_cm0p.c   ****     /* Enable CM4. CY_CORTEX_M4_APPL_ADDR must be updated
  71:main_cm0p.c   ****     if CM4 memory layout is changed. */
  72:main_cm0p.c   ****     Cy_SysEnableCM4(CY_CORTEX_M4_APPL_ADDR);
  49              		.loc 1 72 0
  50 0004 0348     		ldr	r0, .L3
  51 0006 FFF7FEFF 		bl	Cy_SysEnableCM4
  52              	.LVL0:
  53              	.L2:
  73:main_cm0p.c   **** 
  74:main_cm0p.c   ****     /* Infinite loop */
  75:main_cm0p.c   ****     for(;;)
  76:main_cm0p.c   ****     {
  77:main_cm0p.c   ****         /* Put CPU into Deep Sleep mode to save power */
  78:main_cm0p.c   ****         Cy_SysPm_DeepSleep(CY_SYSPM_WAIT_FOR_INTERRUPT);
  54              		.loc 1 78 0 discriminator 1
  55 000a 0020     		movs	r0, #0
  56 000c FFF7FEFF 		bl	Cy_SysPm_DeepSleep
  57              	.LVL1:
  58 0010 FBE7     		b	.L2
  59              	.L4:
  60 0012 C046     		.align	2
  61              	.L3:
  62 0014 00000810 		.word	268959744
  63              		.cfi_endproc
  64              	.LFE533:
  65              		.size	main, .-main
ARM GAS  C:\Users\Tornado\AppData\Local\Temp\ccMPAiG0.s 			page 5


  66              		.text
  67              	.Letext0:
  68              		.file 3 "c:\\program files (x86)\\cypress\\psoc creator\\4.2\\psoc creator\\import\\gnu\\arm\\5.4.
  69              		.file 4 "c:\\program files (x86)\\cypress\\psoc creator\\4.2\\psoc creator\\import\\gnu\\arm\\5.4.
  70              		.file 5 "Generated_Source\\PSoC6\\pdl\\drivers/peripheral/tcpwm/cy_tcpwm_counter.h"
  71              		.file 6 "Generated_Source\\PSoC6\\pdl\\drivers/peripheral/tcpwm/cy_tcpwm_pwm.h"
  72              		.file 7 "Generated_Source\\PSoC6\\pdl\\drivers/peripheral/scb/cy_scb_uart.h"
  73              		.file 8 "Generated_Source\\PSoC6/ULF_Carrier.h"
  74              		.file 9 "Generated_Source\\PSoC6/ULF_Counter.h"
  75              		.file 10 "Generated_Source\\PSoC6/System_Tick.h"
  76              		.file 11 "Generated_Source\\PSoC6/UART_DEBUG.h"
  77              		.file 12 "Generated_Source\\PSoC6/ULF_Capture.h"
  78              		.file 13 "./system_psoc63.h"
  79              		.file 14 "Generated_Source\\PSoC6\\pdl\\drivers/peripheral/syspm/cy_syspm.h"
  80              		.section	.debug_info,"",%progbits
  81              	.Ldebug_info0:
  82 0000 A6040000 		.4byte	0x4a6
  83 0004 0400     		.2byte	0x4
  84 0006 00000000 		.4byte	.Ldebug_abbrev0
  85 000a 04       		.byte	0x4
  86 000b 01       		.uleb128 0x1
  87 000c BB000000 		.4byte	.LASF79
  88 0010 0C       		.byte	0xc
  89 0011 1C050000 		.4byte	.LASF80
  90 0015 30040000 		.4byte	.LASF81
  91 0019 00000000 		.4byte	.Ldebug_ranges0+0
  92 001d 00000000 		.4byte	0
  93 0021 00000000 		.4byte	.Ldebug_line0
  94 0025 02       		.uleb128 0x2
  95 0026 02       		.byte	0x2
  96 0027 05       		.byte	0x5
  97 0028 90000000 		.4byte	.LASF0
  98 002c 02       		.uleb128 0x2
  99 002d 01       		.byte	0x1
 100 002e 08       		.byte	0x8
 101 002f C7020000 		.4byte	.LASF1
 102 0033 02       		.uleb128 0x2
 103 0034 01       		.byte	0x1
 104 0035 06       		.byte	0x6
 105 0036 F0020000 		.4byte	.LASF2
 106 003a 02       		.uleb128 0x2
 107 003b 02       		.byte	0x2
 108 003c 07       		.byte	0x7
 109 003d 94030000 		.4byte	.LASF3
 110 0041 02       		.uleb128 0x2
 111 0042 04       		.byte	0x4
 112 0043 05       		.byte	0x5
 113 0044 AD010000 		.4byte	.LASF4
 114 0048 03       		.uleb128 0x3
 115 0049 83010000 		.4byte	.LASF9
 116 004d 03       		.byte	0x3
 117 004e 41       		.byte	0x41
 118 004f 53000000 		.4byte	0x53
 119 0053 02       		.uleb128 0x2
 120 0054 04       		.byte	0x4
 121 0055 07       		.byte	0x7
 122 0056 CE030000 		.4byte	.LASF5
ARM GAS  C:\Users\Tornado\AppData\Local\Temp\ccMPAiG0.s 			page 6


 123 005a 02       		.uleb128 0x2
 124 005b 08       		.byte	0x8
 125 005c 05       		.byte	0x5
 126 005d 4E020000 		.4byte	.LASF6
 127 0061 02       		.uleb128 0x2
 128 0062 08       		.byte	0x8
 129 0063 07       		.byte	0x7
 130 0064 FC020000 		.4byte	.LASF7
 131 0068 04       		.uleb128 0x4
 132 0069 04       		.byte	0x4
 133 006a 05       		.byte	0x5
 134 006b 696E7400 		.ascii	"int\000"
 135 006f 02       		.uleb128 0x2
 136 0070 04       		.byte	0x4
 137 0071 07       		.byte	0x7
 138 0072 53050000 		.4byte	.LASF8
 139 0076 03       		.uleb128 0x3
 140 0077 13030000 		.4byte	.LASF10
 141 007b 04       		.byte	0x4
 142 007c 30       		.byte	0x30
 143 007d 48000000 		.4byte	0x48
 144 0081 02       		.uleb128 0x2
 145 0082 04       		.byte	0x4
 146 0083 07       		.byte	0x7
 147 0084 9A000000 		.4byte	.LASF11
 148 0088 05       		.uleb128 0x5
 149 0089 76000000 		.4byte	0x76
 150 008d 02       		.uleb128 0x2
 151 008e 08       		.byte	0x8
 152 008f 04       		.byte	0x4
 153 0090 A3020000 		.4byte	.LASF12
 154 0094 02       		.uleb128 0x2
 155 0095 01       		.byte	0x1
 156 0096 08       		.byte	0x8
 157 0097 77030000 		.4byte	.LASF13
 158 009b 02       		.uleb128 0x2
 159 009c 04       		.byte	0x4
 160 009d 04       		.byte	0x4
 161 009e 28020000 		.4byte	.LASF14
 162 00a2 02       		.uleb128 0x2
 163 00a3 08       		.byte	0x8
 164 00a4 04       		.byte	0x4
 165 00a5 E0030000 		.4byte	.LASF15
 166 00a9 06       		.uleb128 0x6
 167 00aa 01       		.byte	0x1
 168 00ab 2C000000 		.4byte	0x2c
 169 00af 0E       		.byte	0xe
 170 00b0 CE03     		.2byte	0x3ce
 171 00b2 C3000000 		.4byte	0xc3
 172 00b6 07       		.uleb128 0x7
 173 00b7 F8040000 		.4byte	.LASF16
 174 00bb 00       		.byte	0
 175 00bc 07       		.uleb128 0x7
 176 00bd 59030000 		.4byte	.LASF17
 177 00c1 01       		.byte	0x1
 178 00c2 00       		.byte	0
 179 00c3 08       		.uleb128 0x8
ARM GAS  C:\Users\Tornado\AppData\Local\Temp\ccMPAiG0.s 			page 7


 180 00c4 04       		.byte	0x4
 181 00c5 02       		.uleb128 0x2
 182 00c6 01       		.byte	0x1
 183 00c7 02       		.byte	0x2
 184 00c8 A7030000 		.4byte	.LASF18
 185 00cc 09       		.uleb128 0x9
 186 00cd F5030000 		.4byte	.LASF39
 187 00d1 4C       		.byte	0x4c
 188 00d2 05       		.byte	0x5
 189 00d3 2B       		.byte	0x2b
 190 00d4 BD010000 		.4byte	0x1bd
 191 00d8 0A       		.uleb128 0xa
 192 00d9 72020000 		.4byte	.LASF19
 193 00dd 05       		.byte	0x5
 194 00de 2D       		.byte	0x2d
 195 00df 76000000 		.4byte	0x76
 196 00e3 00       		.byte	0
 197 00e4 0A       		.uleb128 0xa
 198 00e5 1D000000 		.4byte	.LASF20
 199 00e9 05       		.byte	0x5
 200 00ea 2F       		.byte	0x2f
 201 00eb 76000000 		.4byte	0x76
 202 00ef 04       		.byte	0x4
 203 00f0 0A       		.uleb128 0xa
 204 00f1 5C020000 		.4byte	.LASF21
 205 00f5 05       		.byte	0x5
 206 00f6 30       		.byte	0x30
 207 00f7 76000000 		.4byte	0x76
 208 00fb 08       		.byte	0x8
 209 00fc 0A       		.uleb128 0xa
 210 00fd 4D010000 		.4byte	.LASF22
 211 0101 05       		.byte	0x5
 212 0102 31       		.byte	0x31
 213 0103 76000000 		.4byte	0x76
 214 0107 0C       		.byte	0xc
 215 0108 0A       		.uleb128 0xa
 216 0109 1C030000 		.4byte	.LASF23
 217 010d 05       		.byte	0x5
 218 010e 33       		.byte	0x33
 219 010f 76000000 		.4byte	0x76
 220 0113 10       		.byte	0x10
 221 0114 0A       		.uleb128 0xa
 222 0115 3B000000 		.4byte	.LASF24
 223 0119 05       		.byte	0x5
 224 011a 34       		.byte	0x34
 225 011b 76000000 		.4byte	0x76
 226 011f 14       		.byte	0x14
 227 0120 0A       		.uleb128 0xa
 228 0121 44000000 		.4byte	.LASF25
 229 0125 05       		.byte	0x5
 230 0126 35       		.byte	0x35
 231 0127 76000000 		.4byte	0x76
 232 012b 18       		.byte	0x18
 233 012c 0A       		.uleb128 0xa
 234 012d C3010000 		.4byte	.LASF26
 235 0131 05       		.byte	0x5
 236 0132 36       		.byte	0x36
ARM GAS  C:\Users\Tornado\AppData\Local\Temp\ccMPAiG0.s 			page 8


 237 0133 C5000000 		.4byte	0xc5
 238 0137 1C       		.byte	0x1c
 239 0138 0A       		.uleb128 0xa
 240 0139 ED010000 		.4byte	.LASF27
 241 013d 05       		.byte	0x5
 242 013e 38       		.byte	0x38
 243 013f 76000000 		.4byte	0x76
 244 0143 20       		.byte	0x20
 245 0144 0A       		.uleb128 0xa
 246 0145 AD030000 		.4byte	.LASF28
 247 0149 05       		.byte	0x5
 248 014a 39       		.byte	0x39
 249 014b 76000000 		.4byte	0x76
 250 014f 24       		.byte	0x24
 251 0150 0A       		.uleb128 0xa
 252 0151 8E010000 		.4byte	.LASF29
 253 0155 05       		.byte	0x5
 254 0156 3B       		.byte	0x3b
 255 0157 76000000 		.4byte	0x76
 256 015b 28       		.byte	0x28
 257 015c 0A       		.uleb128 0xa
 258 015d 3E020000 		.4byte	.LASF30
 259 0161 05       		.byte	0x5
 260 0162 3C       		.byte	0x3c
 261 0163 76000000 		.4byte	0x76
 262 0167 2C       		.byte	0x2c
 263 0168 0A       		.uleb128 0xa
 264 0169 00000000 		.4byte	.LASF31
 265 016d 05       		.byte	0x5
 266 016e 3E       		.byte	0x3e
 267 016f 76000000 		.4byte	0x76
 268 0173 30       		.byte	0x30
 269 0174 0A       		.uleb128 0xa
 270 0175 AF020000 		.4byte	.LASF32
 271 0179 05       		.byte	0x5
 272 017a 3F       		.byte	0x3f
 273 017b 76000000 		.4byte	0x76
 274 017f 34       		.byte	0x34
 275 0180 0A       		.uleb128 0xa
 276 0181 17040000 		.4byte	.LASF33
 277 0185 05       		.byte	0x5
 278 0186 41       		.byte	0x41
 279 0187 76000000 		.4byte	0x76
 280 018b 38       		.byte	0x38
 281 018c 0A       		.uleb128 0xa
 282 018d 22040000 		.4byte	.LASF34
 283 0191 05       		.byte	0x5
 284 0192 42       		.byte	0x42
 285 0193 76000000 		.4byte	0x76
 286 0197 3C       		.byte	0x3c
 287 0198 0A       		.uleb128 0xa
 288 0199 8C020000 		.4byte	.LASF35
 289 019d 05       		.byte	0x5
 290 019e 44       		.byte	0x44
 291 019f 76000000 		.4byte	0x76
 292 01a3 40       		.byte	0x40
 293 01a4 0A       		.uleb128 0xa
ARM GAS  C:\Users\Tornado\AppData\Local\Temp\ccMPAiG0.s 			page 9


 294 01a5 2C000000 		.4byte	.LASF36
 295 01a9 05       		.byte	0x5
 296 01aa 45       		.byte	0x45
 297 01ab 76000000 		.4byte	0x76
 298 01af 44       		.byte	0x44
 299 01b0 0A       		.uleb128 0xa
 300 01b1 35050000 		.4byte	.LASF37
 301 01b5 05       		.byte	0x5
 302 01b6 47       		.byte	0x47
 303 01b7 76000000 		.4byte	0x76
 304 01bb 48       		.byte	0x48
 305 01bc 00       		.byte	0
 306 01bd 03       		.uleb128 0x3
 307 01be 3B030000 		.4byte	.LASF38
 308 01c2 05       		.byte	0x5
 309 01c3 48       		.byte	0x48
 310 01c4 CC000000 		.4byte	0xcc
 311 01c8 09       		.uleb128 0x9
 312 01c9 66010000 		.4byte	.LASF40
 313 01cd 64       		.byte	0x64
 314 01ce 06       		.byte	0x6
 315 01cf 2B       		.byte	0x2b
 316 01d0 01030000 		.4byte	0x301
 317 01d4 0A       		.uleb128 0xa
 318 01d5 14050000 		.4byte	.LASF41
 319 01d9 06       		.byte	0x6
 320 01da 2D       		.byte	0x2d
 321 01db 76000000 		.4byte	0x76
 322 01df 00       		.byte	0
 323 01e0 0A       		.uleb128 0xa
 324 01e1 1D000000 		.4byte	.LASF20
 325 01e5 06       		.byte	0x6
 326 01e6 2F       		.byte	0x2f
 327 01e7 76000000 		.4byte	0x76
 328 01eb 04       		.byte	0x4
 329 01ec 0A       		.uleb128 0xa
 330 01ed B6010000 		.4byte	.LASF42
 331 01f1 06       		.byte	0x6
 332 01f2 30       		.byte	0x30
 333 01f3 76000000 		.4byte	0x76
 334 01f7 08       		.byte	0x8
 335 01f8 0A       		.uleb128 0xa
 336 01f9 85030000 		.4byte	.LASF43
 337 01fd 06       		.byte	0x6
 338 01fe 31       		.byte	0x31
 339 01ff 76000000 		.4byte	0x76
 340 0203 0C       		.byte	0xc
 341 0204 0A       		.uleb128 0xa
 342 0205 5C020000 		.4byte	.LASF21
 343 0209 06       		.byte	0x6
 344 020a 32       		.byte	0x32
 345 020b 76000000 		.4byte	0x76
 346 020f 10       		.byte	0x10
 347 0210 0A       		.uleb128 0xa
 348 0211 2E020000 		.4byte	.LASF44
 349 0215 06       		.byte	0x6
 350 0216 33       		.byte	0x33
ARM GAS  C:\Users\Tornado\AppData\Local\Temp\ccMPAiG0.s 			page 10


 351 0217 76000000 		.4byte	0x76
 352 021b 14       		.byte	0x14
 353 021c 0A       		.uleb128 0xa
 354 021d 36020000 		.4byte	.LASF45
 355 0221 06       		.byte	0x6
 356 0222 34       		.byte	0x34
 357 0223 76000000 		.4byte	0x76
 358 0227 18       		.byte	0x18
 359 0228 0A       		.uleb128 0xa
 360 0229 DF020000 		.4byte	.LASF46
 361 022d 06       		.byte	0x6
 362 022e 35       		.byte	0x35
 363 022f C5000000 		.4byte	0xc5
 364 0233 1C       		.byte	0x1c
 365 0234 0A       		.uleb128 0xa
 366 0235 3B000000 		.4byte	.LASF24
 367 0239 06       		.byte	0x6
 368 023a 36       		.byte	0x36
 369 023b 76000000 		.4byte	0x76
 370 023f 20       		.byte	0x20
 371 0240 0A       		.uleb128 0xa
 372 0241 44000000 		.4byte	.LASF25
 373 0245 06       		.byte	0x6
 374 0246 37       		.byte	0x37
 375 0247 76000000 		.4byte	0x76
 376 024b 24       		.byte	0x24
 377 024c 0A       		.uleb128 0xa
 378 024d C3010000 		.4byte	.LASF26
 379 0251 06       		.byte	0x6
 380 0252 38       		.byte	0x38
 381 0253 C5000000 		.4byte	0xc5
 382 0257 28       		.byte	0x28
 383 0258 0A       		.uleb128 0xa
 384 0259 ED010000 		.4byte	.LASF27
 385 025d 06       		.byte	0x6
 386 025e 3A       		.byte	0x3a
 387 025f 76000000 		.4byte	0x76
 388 0263 2C       		.byte	0x2c
 389 0264 0A       		.uleb128 0xa
 390 0265 28050000 		.4byte	.LASF47
 391 0269 06       		.byte	0x6
 392 026a 3B       		.byte	0x3b
 393 026b 76000000 		.4byte	0x76
 394 026f 30       		.byte	0x30
 395 0270 0A       		.uleb128 0xa
 396 0271 2D030000 		.4byte	.LASF48
 397 0275 06       		.byte	0x6
 398 0276 3C       		.byte	0x3c
 399 0277 76000000 		.4byte	0x76
 400 027b 34       		.byte	0x34
 401 027c 0A       		.uleb128 0xa
 402 027d FE010000 		.4byte	.LASF49
 403 0281 06       		.byte	0x6
 404 0282 3D       		.byte	0x3d
 405 0283 76000000 		.4byte	0x76
 406 0287 38       		.byte	0x38
 407 0288 0A       		.uleb128 0xa
ARM GAS  C:\Users\Tornado\AppData\Local\Temp\ccMPAiG0.s 			page 11


 408 0289 E7030000 		.4byte	.LASF50
 409 028d 06       		.byte	0x6
 410 028e 3E       		.byte	0x3e
 411 028f 76000000 		.4byte	0x76
 412 0293 3C       		.byte	0x3c
 413 0294 0A       		.uleb128 0xa
 414 0295 A0040000 		.4byte	.LASF51
 415 0299 06       		.byte	0x6
 416 029a 40       		.byte	0x40
 417 029b 76000000 		.4byte	0x76
 418 029f 40       		.byte	0x40
 419 02a0 0A       		.uleb128 0xa
 420 02a1 3E020000 		.4byte	.LASF30
 421 02a5 06       		.byte	0x6
 422 02a6 41       		.byte	0x41
 423 02a7 76000000 		.4byte	0x76
 424 02ab 44       		.byte	0x44
 425 02ac 0A       		.uleb128 0xa
 426 02ad 00000000 		.4byte	.LASF31
 427 02b1 06       		.byte	0x6
 428 02b2 43       		.byte	0x43
 429 02b3 76000000 		.4byte	0x76
 430 02b7 48       		.byte	0x48
 431 02b8 0A       		.uleb128 0xa
 432 02b9 AF020000 		.4byte	.LASF32
 433 02bd 06       		.byte	0x6
 434 02be 44       		.byte	0x44
 435 02bf 76000000 		.4byte	0x76
 436 02c3 4C       		.byte	0x4c
 437 02c4 0A       		.uleb128 0xa
 438 02c5 17040000 		.4byte	.LASF33
 439 02c9 06       		.byte	0x6
 440 02ca 46       		.byte	0x46
 441 02cb 76000000 		.4byte	0x76
 442 02cf 50       		.byte	0x50
 443 02d0 0A       		.uleb128 0xa
 444 02d1 D5010000 		.4byte	.LASF52
 445 02d5 06       		.byte	0x6
 446 02d6 47       		.byte	0x47
 447 02d7 76000000 		.4byte	0x76
 448 02db 54       		.byte	0x54
 449 02dc 0A       		.uleb128 0xa
 450 02dd E3010000 		.4byte	.LASF53
 451 02e1 06       		.byte	0x6
 452 02e2 49       		.byte	0x49
 453 02e3 76000000 		.4byte	0x76
 454 02e7 58       		.byte	0x58
 455 02e8 0A       		.uleb128 0xa
 456 02e9 2C000000 		.4byte	.LASF36
 457 02ed 06       		.byte	0x6
 458 02ee 4A       		.byte	0x4a
 459 02ef 76000000 		.4byte	0x76
 460 02f3 5C       		.byte	0x5c
 461 02f4 0A       		.uleb128 0xa
 462 02f5 35050000 		.4byte	.LASF37
 463 02f9 06       		.byte	0x6
 464 02fa 4C       		.byte	0x4c
ARM GAS  C:\Users\Tornado\AppData\Local\Temp\ccMPAiG0.s 			page 12


 465 02fb 76000000 		.4byte	0x76
 466 02ff 60       		.byte	0x60
 467 0300 00       		.byte	0
 468 0301 03       		.uleb128 0x3
 469 0302 4D000000 		.4byte	.LASF54
 470 0306 06       		.byte	0x6
 471 0307 4D       		.byte	0x4d
 472 0308 C8010000 		.4byte	0x1c8
 473 030c 0B       		.uleb128 0xb
 474 030d 04       		.byte	0x4
 475 030e 12030000 		.4byte	0x312
 476 0312 0C       		.uleb128 0xc
 477 0313 1D030000 		.4byte	0x31d
 478 0317 0D       		.uleb128 0xd
 479 0318 76000000 		.4byte	0x76
 480 031c 00       		.byte	0
 481 031d 0E       		.uleb128 0xe
 482 031e 71000000 		.4byte	.LASF55
 483 0322 07       		.byte	0x7
 484 0323 AB01     		.2byte	0x1ab
 485 0325 0C030000 		.4byte	0x30c
 486 0329 0F       		.uleb128 0xf
 487 032a A3000000 		.4byte	.LASF56
 488 032e 38       		.byte	0x38
 489 032f 07       		.byte	0x7
 490 0330 4702     		.2byte	0x247
 491 0332 ED030000 		.4byte	0x3ed
 492 0336 10       		.uleb128 0x10
 493 0337 9B010000 		.4byte	.LASF57
 494 033b 07       		.byte	0x7
 495 033c 4A02     		.2byte	0x24a
 496 033e 88000000 		.4byte	0x88
 497 0342 00       		.byte	0
 498 0343 10       		.uleb128 0x10
 499 0344 BE020000 		.4byte	.LASF58
 500 0348 07       		.byte	0x7
 501 0349 4B02     		.2byte	0x24b
 502 034b 88000000 		.4byte	0x88
 503 034f 04       		.byte	0x4
 504 0350 10       		.uleb128 0x10
 505 0351 D5020000 		.4byte	.LASF59
 506 0355 07       		.byte	0x7
 507 0356 4D02     		.2byte	0x24d
 508 0358 C3000000 		.4byte	0xc3
 509 035c 08       		.byte	0x8
 510 035d 10       		.uleb128 0x10
 511 035e 64020000 		.4byte	.LASF60
 512 0362 07       		.byte	0x7
 513 0363 4E02     		.2byte	0x24e
 514 0365 76000000 		.4byte	0x76
 515 0369 0C       		.byte	0xc
 516 036a 10       		.uleb128 0x10
 517 036b 1A020000 		.4byte	.LASF61
 518 036f 07       		.byte	0x7
 519 0370 4F02     		.2byte	0x24f
 520 0372 88000000 		.4byte	0x88
 521 0376 10       		.byte	0x10
ARM GAS  C:\Users\Tornado\AppData\Local\Temp\ccMPAiG0.s 			page 13


 522 0377 10       		.uleb128 0x10
 523 0378 C4040000 		.4byte	.LASF62
 524 037c 07       		.byte	0x7
 525 037d 5002     		.2byte	0x250
 526 037f 88000000 		.4byte	0x88
 527 0383 14       		.byte	0x14
 528 0384 10       		.uleb128 0x10
 529 0385 71030000 		.4byte	.LASF63
 530 0389 07       		.byte	0x7
 531 038a 5202     		.2byte	0x252
 532 038c C3000000 		.4byte	0xc3
 533 0390 18       		.byte	0x18
 534 0391 10       		.uleb128 0x10
 535 0392 67000000 		.4byte	.LASF64
 536 0396 07       		.byte	0x7
 537 0397 5302     		.2byte	0x253
 538 0399 76000000 		.4byte	0x76
 539 039d 1C       		.byte	0x1c
 540 039e 10       		.uleb128 0x10
 541 039f A4010000 		.4byte	.LASF65
 542 03a3 07       		.byte	0x7
 543 03a4 5402     		.2byte	0x254
 544 03a6 88000000 		.4byte	0x88
 545 03aa 20       		.byte	0x20
 546 03ab 10       		.uleb128 0x10
 547 03ac 11040000 		.4byte	.LASF66
 548 03b0 07       		.byte	0x7
 549 03b1 5602     		.2byte	0x256
 550 03b3 C3000000 		.4byte	0xc3
 551 03b7 24       		.byte	0x24
 552 03b8 10       		.uleb128 0x10
 553 03b9 5C010000 		.4byte	.LASF67
 554 03bd 07       		.byte	0x7
 555 03be 5702     		.2byte	0x257
 556 03c0 76000000 		.4byte	0x76
 557 03c4 28       		.byte	0x28
 558 03c5 10       		.uleb128 0x10
 559 03c6 0C000000 		.4byte	.LASF68
 560 03ca 07       		.byte	0x7
 561 03cb 5802     		.2byte	0x258
 562 03cd 88000000 		.4byte	0x88
 563 03d1 2C       		.byte	0x2c
 564 03d2 10       		.uleb128 0x10
 565 03d3 7C030000 		.4byte	.LASF69
 566 03d7 07       		.byte	0x7
 567 03d8 5D02     		.2byte	0x25d
 568 03da 1D030000 		.4byte	0x31d
 569 03de 30       		.byte	0x30
 570 03df 10       		.uleb128 0x10
 571 03e0 98040000 		.4byte	.LASF70
 572 03e4 07       		.byte	0x7
 573 03e5 6002     		.2byte	0x260
 574 03e7 76000000 		.4byte	0x76
 575 03eb 34       		.byte	0x34
 576 03ec 00       		.byte	0
 577 03ed 0E       		.uleb128 0xe
 578 03ee AA040000 		.4byte	.LASF71
ARM GAS  C:\Users\Tornado\AppData\Local\Temp\ccMPAiG0.s 			page 14


 579 03f2 07       		.byte	0x7
 580 03f3 6302     		.2byte	0x263
 581 03f5 29030000 		.4byte	0x329
 582 03f9 11       		.uleb128 0x11
 583 03fa 96020000 		.4byte	.LASF82
 584 03fe 02       		.byte	0x2
 585 03ff 53       		.byte	0x53
 586 0400 03       		.byte	0x3
 587 0401 12       		.uleb128 0x12
 588 0402 7E010000 		.4byte	.LASF83
 589 0406 01       		.byte	0x1
 590 0407 42       		.byte	0x42
 591 0408 68000000 		.4byte	0x68
 592 040c 00000000 		.4byte	.LFB533
 593 0410 18000000 		.4byte	.LFE533-.LFB533
 594 0414 01       		.uleb128 0x1
 595 0415 9C       		.byte	0x9c
 596 0416 50040000 		.4byte	0x450
 597 041a 13       		.uleb128 0x13
 598 041b F9030000 		.4byte	0x3f9
 599 041f 02000000 		.4byte	.LBB4
 600 0423 02000000 		.4byte	.LBE4-.LBB4
 601 0427 01       		.byte	0x1
 602 0428 44       		.byte	0x44
 603 0429 14       		.uleb128 0x14
 604 042a 0A000000 		.4byte	.LVL0
 605 042e 91040000 		.4byte	0x491
 606 0432 40040000 		.4byte	0x440
 607 0436 15       		.uleb128 0x15
 608 0437 01       		.uleb128 0x1
 609 0438 50       		.byte	0x50
 610 0439 05       		.uleb128 0x5
 611 043a 0C       		.byte	0xc
 612 043b 00000810 		.4byte	0x10080000
 613 043f 00       		.byte	0
 614 0440 16       		.uleb128 0x16
 615 0441 10000000 		.4byte	.LVL1
 616 0445 9D040000 		.4byte	0x49d
 617 0449 15       		.uleb128 0x15
 618 044a 01       		.uleb128 0x1
 619 044b 50       		.byte	0x50
 620 044c 01       		.uleb128 0x1
 621 044d 30       		.byte	0x30
 622 044e 00       		.byte	0
 623 044f 00       		.byte	0
 624 0450 17       		.uleb128 0x17
 625 0451 79020000 		.4byte	.LASF72
 626 0455 08       		.byte	0x8
 627 0456 1F       		.byte	0x1f
 628 0457 5B040000 		.4byte	0x45b
 629 045b 18       		.uleb128 0x18
 630 045c 01030000 		.4byte	0x301
 631 0460 17       		.uleb128 0x17
 632 0461 60050000 		.4byte	.LASF73
 633 0465 09       		.byte	0x9
 634 0466 1F       		.byte	0x1f
 635 0467 6B040000 		.4byte	0x46b
ARM GAS  C:\Users\Tornado\AppData\Local\Temp\ccMPAiG0.s 			page 15


 636 046b 18       		.uleb128 0x18
 637 046c BD010000 		.4byte	0x1bd
 638 0470 17       		.uleb128 0x17
 639 0471 E5040000 		.4byte	.LASF74
 640 0475 0A       		.byte	0xa
 641 0476 1F       		.byte	0x1f
 642 0477 6B040000 		.4byte	0x46b
 643 047b 17       		.uleb128 0x17
 644 047c 07020000 		.4byte	.LASF75
 645 0480 0B       		.byte	0xb
 646 0481 87       		.byte	0x87
 647 0482 ED030000 		.4byte	0x3ed
 648 0486 17       		.uleb128 0x17
 649 0487 D2040000 		.4byte	.LASF76
 650 048b 0C       		.byte	0xc
 651 048c 1F       		.byte	0x1f
 652 048d 6B040000 		.4byte	0x46b
 653 0491 19       		.uleb128 0x19
 654 0492 BE030000 		.4byte	.LASF77
 655 0496 BE030000 		.4byte	.LASF77
 656 049a 0D       		.byte	0xd
 657 049b FE01     		.2byte	0x1fe
 658 049d 19       		.uleb128 0x19
 659 049e 40050000 		.4byte	.LASF78
 660 04a2 40050000 		.4byte	.LASF78
 661 04a6 0E       		.byte	0xe
 662 04a7 F004     		.2byte	0x4f0
 663 04a9 00       		.byte	0
 664              		.section	.debug_abbrev,"",%progbits
 665              	.Ldebug_abbrev0:
 666 0000 01       		.uleb128 0x1
 667 0001 11       		.uleb128 0x11
 668 0002 01       		.byte	0x1
 669 0003 25       		.uleb128 0x25
 670 0004 0E       		.uleb128 0xe
 671 0005 13       		.uleb128 0x13
 672 0006 0B       		.uleb128 0xb
 673 0007 03       		.uleb128 0x3
 674 0008 0E       		.uleb128 0xe
 675 0009 1B       		.uleb128 0x1b
 676 000a 0E       		.uleb128 0xe
 677 000b 55       		.uleb128 0x55
 678 000c 17       		.uleb128 0x17
 679 000d 11       		.uleb128 0x11
 680 000e 01       		.uleb128 0x1
 681 000f 10       		.uleb128 0x10
 682 0010 17       		.uleb128 0x17
 683 0011 00       		.byte	0
 684 0012 00       		.byte	0
 685 0013 02       		.uleb128 0x2
 686 0014 24       		.uleb128 0x24
 687 0015 00       		.byte	0
 688 0016 0B       		.uleb128 0xb
 689 0017 0B       		.uleb128 0xb
 690 0018 3E       		.uleb128 0x3e
 691 0019 0B       		.uleb128 0xb
 692 001a 03       		.uleb128 0x3
ARM GAS  C:\Users\Tornado\AppData\Local\Temp\ccMPAiG0.s 			page 16


 693 001b 0E       		.uleb128 0xe
 694 001c 00       		.byte	0
 695 001d 00       		.byte	0
 696 001e 03       		.uleb128 0x3
 697 001f 16       		.uleb128 0x16
 698 0020 00       		.byte	0
 699 0021 03       		.uleb128 0x3
 700 0022 0E       		.uleb128 0xe
 701 0023 3A       		.uleb128 0x3a
 702 0024 0B       		.uleb128 0xb
 703 0025 3B       		.uleb128 0x3b
 704 0026 0B       		.uleb128 0xb
 705 0027 49       		.uleb128 0x49
 706 0028 13       		.uleb128 0x13
 707 0029 00       		.byte	0
 708 002a 00       		.byte	0
 709 002b 04       		.uleb128 0x4
 710 002c 24       		.uleb128 0x24
 711 002d 00       		.byte	0
 712 002e 0B       		.uleb128 0xb
 713 002f 0B       		.uleb128 0xb
 714 0030 3E       		.uleb128 0x3e
 715 0031 0B       		.uleb128 0xb
 716 0032 03       		.uleb128 0x3
 717 0033 08       		.uleb128 0x8
 718 0034 00       		.byte	0
 719 0035 00       		.byte	0
 720 0036 05       		.uleb128 0x5
 721 0037 35       		.uleb128 0x35
 722 0038 00       		.byte	0
 723 0039 49       		.uleb128 0x49
 724 003a 13       		.uleb128 0x13
 725 003b 00       		.byte	0
 726 003c 00       		.byte	0
 727 003d 06       		.uleb128 0x6
 728 003e 04       		.uleb128 0x4
 729 003f 01       		.byte	0x1
 730 0040 0B       		.uleb128 0xb
 731 0041 0B       		.uleb128 0xb
 732 0042 49       		.uleb128 0x49
 733 0043 13       		.uleb128 0x13
 734 0044 3A       		.uleb128 0x3a
 735 0045 0B       		.uleb128 0xb
 736 0046 3B       		.uleb128 0x3b
 737 0047 05       		.uleb128 0x5
 738 0048 01       		.uleb128 0x1
 739 0049 13       		.uleb128 0x13
 740 004a 00       		.byte	0
 741 004b 00       		.byte	0
 742 004c 07       		.uleb128 0x7
 743 004d 28       		.uleb128 0x28
 744 004e 00       		.byte	0
 745 004f 03       		.uleb128 0x3
 746 0050 0E       		.uleb128 0xe
 747 0051 1C       		.uleb128 0x1c
 748 0052 0B       		.uleb128 0xb
 749 0053 00       		.byte	0
ARM GAS  C:\Users\Tornado\AppData\Local\Temp\ccMPAiG0.s 			page 17


 750 0054 00       		.byte	0
 751 0055 08       		.uleb128 0x8
 752 0056 0F       		.uleb128 0xf
 753 0057 00       		.byte	0
 754 0058 0B       		.uleb128 0xb
 755 0059 0B       		.uleb128 0xb
 756 005a 00       		.byte	0
 757 005b 00       		.byte	0
 758 005c 09       		.uleb128 0x9
 759 005d 13       		.uleb128 0x13
 760 005e 01       		.byte	0x1
 761 005f 03       		.uleb128 0x3
 762 0060 0E       		.uleb128 0xe
 763 0061 0B       		.uleb128 0xb
 764 0062 0B       		.uleb128 0xb
 765 0063 3A       		.uleb128 0x3a
 766 0064 0B       		.uleb128 0xb
 767 0065 3B       		.uleb128 0x3b
 768 0066 0B       		.uleb128 0xb
 769 0067 01       		.uleb128 0x1
 770 0068 13       		.uleb128 0x13
 771 0069 00       		.byte	0
 772 006a 00       		.byte	0
 773 006b 0A       		.uleb128 0xa
 774 006c 0D       		.uleb128 0xd
 775 006d 00       		.byte	0
 776 006e 03       		.uleb128 0x3
 777 006f 0E       		.uleb128 0xe
 778 0070 3A       		.uleb128 0x3a
 779 0071 0B       		.uleb128 0xb
 780 0072 3B       		.uleb128 0x3b
 781 0073 0B       		.uleb128 0xb
 782 0074 49       		.uleb128 0x49
 783 0075 13       		.uleb128 0x13
 784 0076 38       		.uleb128 0x38
 785 0077 0B       		.uleb128 0xb
 786 0078 00       		.byte	0
 787 0079 00       		.byte	0
 788 007a 0B       		.uleb128 0xb
 789 007b 0F       		.uleb128 0xf
 790 007c 00       		.byte	0
 791 007d 0B       		.uleb128 0xb
 792 007e 0B       		.uleb128 0xb
 793 007f 49       		.uleb128 0x49
 794 0080 13       		.uleb128 0x13
 795 0081 00       		.byte	0
 796 0082 00       		.byte	0
 797 0083 0C       		.uleb128 0xc
 798 0084 15       		.uleb128 0x15
 799 0085 01       		.byte	0x1
 800 0086 27       		.uleb128 0x27
 801 0087 19       		.uleb128 0x19
 802 0088 01       		.uleb128 0x1
 803 0089 13       		.uleb128 0x13
 804 008a 00       		.byte	0
 805 008b 00       		.byte	0
 806 008c 0D       		.uleb128 0xd
ARM GAS  C:\Users\Tornado\AppData\Local\Temp\ccMPAiG0.s 			page 18


 807 008d 05       		.uleb128 0x5
 808 008e 00       		.byte	0
 809 008f 49       		.uleb128 0x49
 810 0090 13       		.uleb128 0x13
 811 0091 00       		.byte	0
 812 0092 00       		.byte	0
 813 0093 0E       		.uleb128 0xe
 814 0094 16       		.uleb128 0x16
 815 0095 00       		.byte	0
 816 0096 03       		.uleb128 0x3
 817 0097 0E       		.uleb128 0xe
 818 0098 3A       		.uleb128 0x3a
 819 0099 0B       		.uleb128 0xb
 820 009a 3B       		.uleb128 0x3b
 821 009b 05       		.uleb128 0x5
 822 009c 49       		.uleb128 0x49
 823 009d 13       		.uleb128 0x13
 824 009e 00       		.byte	0
 825 009f 00       		.byte	0
 826 00a0 0F       		.uleb128 0xf
 827 00a1 13       		.uleb128 0x13
 828 00a2 01       		.byte	0x1
 829 00a3 03       		.uleb128 0x3
 830 00a4 0E       		.uleb128 0xe
 831 00a5 0B       		.uleb128 0xb
 832 00a6 0B       		.uleb128 0xb
 833 00a7 3A       		.uleb128 0x3a
 834 00a8 0B       		.uleb128 0xb
 835 00a9 3B       		.uleb128 0x3b
 836 00aa 05       		.uleb128 0x5
 837 00ab 01       		.uleb128 0x1
 838 00ac 13       		.uleb128 0x13
 839 00ad 00       		.byte	0
 840 00ae 00       		.byte	0
 841 00af 10       		.uleb128 0x10
 842 00b0 0D       		.uleb128 0xd
 843 00b1 00       		.byte	0
 844 00b2 03       		.uleb128 0x3
 845 00b3 0E       		.uleb128 0xe
 846 00b4 3A       		.uleb128 0x3a
 847 00b5 0B       		.uleb128 0xb
 848 00b6 3B       		.uleb128 0x3b
 849 00b7 05       		.uleb128 0x5
 850 00b8 49       		.uleb128 0x49
 851 00b9 13       		.uleb128 0x13
 852 00ba 38       		.uleb128 0x38
 853 00bb 0B       		.uleb128 0xb
 854 00bc 00       		.byte	0
 855 00bd 00       		.byte	0
 856 00be 11       		.uleb128 0x11
 857 00bf 2E       		.uleb128 0x2e
 858 00c0 00       		.byte	0
 859 00c1 03       		.uleb128 0x3
 860 00c2 0E       		.uleb128 0xe
 861 00c3 3A       		.uleb128 0x3a
 862 00c4 0B       		.uleb128 0xb
 863 00c5 3B       		.uleb128 0x3b
ARM GAS  C:\Users\Tornado\AppData\Local\Temp\ccMPAiG0.s 			page 19


 864 00c6 0B       		.uleb128 0xb
 865 00c7 27       		.uleb128 0x27
 866 00c8 19       		.uleb128 0x19
 867 00c9 20       		.uleb128 0x20
 868 00ca 0B       		.uleb128 0xb
 869 00cb 00       		.byte	0
 870 00cc 00       		.byte	0
 871 00cd 12       		.uleb128 0x12
 872 00ce 2E       		.uleb128 0x2e
 873 00cf 01       		.byte	0x1
 874 00d0 3F       		.uleb128 0x3f
 875 00d1 19       		.uleb128 0x19
 876 00d2 03       		.uleb128 0x3
 877 00d3 0E       		.uleb128 0xe
 878 00d4 3A       		.uleb128 0x3a
 879 00d5 0B       		.uleb128 0xb
 880 00d6 3B       		.uleb128 0x3b
 881 00d7 0B       		.uleb128 0xb
 882 00d8 27       		.uleb128 0x27
 883 00d9 19       		.uleb128 0x19
 884 00da 49       		.uleb128 0x49
 885 00db 13       		.uleb128 0x13
 886 00dc 8701     		.uleb128 0x87
 887 00de 19       		.uleb128 0x19
 888 00df 11       		.uleb128 0x11
 889 00e0 01       		.uleb128 0x1
 890 00e1 12       		.uleb128 0x12
 891 00e2 06       		.uleb128 0x6
 892 00e3 40       		.uleb128 0x40
 893 00e4 18       		.uleb128 0x18
 894 00e5 9742     		.uleb128 0x2117
 895 00e7 19       		.uleb128 0x19
 896 00e8 01       		.uleb128 0x1
 897 00e9 13       		.uleb128 0x13
 898 00ea 00       		.byte	0
 899 00eb 00       		.byte	0
 900 00ec 13       		.uleb128 0x13
 901 00ed 1D       		.uleb128 0x1d
 902 00ee 00       		.byte	0
 903 00ef 31       		.uleb128 0x31
 904 00f0 13       		.uleb128 0x13
 905 00f1 11       		.uleb128 0x11
 906 00f2 01       		.uleb128 0x1
 907 00f3 12       		.uleb128 0x12
 908 00f4 06       		.uleb128 0x6
 909 00f5 58       		.uleb128 0x58
 910 00f6 0B       		.uleb128 0xb
 911 00f7 59       		.uleb128 0x59
 912 00f8 0B       		.uleb128 0xb
 913 00f9 00       		.byte	0
 914 00fa 00       		.byte	0
 915 00fb 14       		.uleb128 0x14
 916 00fc 898201   		.uleb128 0x4109
 917 00ff 01       		.byte	0x1
 918 0100 11       		.uleb128 0x11
 919 0101 01       		.uleb128 0x1
 920 0102 31       		.uleb128 0x31
ARM GAS  C:\Users\Tornado\AppData\Local\Temp\ccMPAiG0.s 			page 20


 921 0103 13       		.uleb128 0x13
 922 0104 01       		.uleb128 0x1
 923 0105 13       		.uleb128 0x13
 924 0106 00       		.byte	0
 925 0107 00       		.byte	0
 926 0108 15       		.uleb128 0x15
 927 0109 8A8201   		.uleb128 0x410a
 928 010c 00       		.byte	0
 929 010d 02       		.uleb128 0x2
 930 010e 18       		.uleb128 0x18
 931 010f 9142     		.uleb128 0x2111
 932 0111 18       		.uleb128 0x18
 933 0112 00       		.byte	0
 934 0113 00       		.byte	0
 935 0114 16       		.uleb128 0x16
 936 0115 898201   		.uleb128 0x4109
 937 0118 01       		.byte	0x1
 938 0119 11       		.uleb128 0x11
 939 011a 01       		.uleb128 0x1
 940 011b 31       		.uleb128 0x31
 941 011c 13       		.uleb128 0x13
 942 011d 00       		.byte	0
 943 011e 00       		.byte	0
 944 011f 17       		.uleb128 0x17
 945 0120 34       		.uleb128 0x34
 946 0121 00       		.byte	0
 947 0122 03       		.uleb128 0x3
 948 0123 0E       		.uleb128 0xe
 949 0124 3A       		.uleb128 0x3a
 950 0125 0B       		.uleb128 0xb
 951 0126 3B       		.uleb128 0x3b
 952 0127 0B       		.uleb128 0xb
 953 0128 49       		.uleb128 0x49
 954 0129 13       		.uleb128 0x13
 955 012a 3F       		.uleb128 0x3f
 956 012b 19       		.uleb128 0x19
 957 012c 3C       		.uleb128 0x3c
 958 012d 19       		.uleb128 0x19
 959 012e 00       		.byte	0
 960 012f 00       		.byte	0
 961 0130 18       		.uleb128 0x18
 962 0131 26       		.uleb128 0x26
 963 0132 00       		.byte	0
 964 0133 49       		.uleb128 0x49
 965 0134 13       		.uleb128 0x13
 966 0135 00       		.byte	0
 967 0136 00       		.byte	0
 968 0137 19       		.uleb128 0x19
 969 0138 2E       		.uleb128 0x2e
 970 0139 00       		.byte	0
 971 013a 3F       		.uleb128 0x3f
 972 013b 19       		.uleb128 0x19
 973 013c 3C       		.uleb128 0x3c
 974 013d 19       		.uleb128 0x19
 975 013e 6E       		.uleb128 0x6e
 976 013f 0E       		.uleb128 0xe
 977 0140 03       		.uleb128 0x3
ARM GAS  C:\Users\Tornado\AppData\Local\Temp\ccMPAiG0.s 			page 21


 978 0141 0E       		.uleb128 0xe
 979 0142 3A       		.uleb128 0x3a
 980 0143 0B       		.uleb128 0xb
 981 0144 3B       		.uleb128 0x3b
 982 0145 05       		.uleb128 0x5
 983 0146 00       		.byte	0
 984 0147 00       		.byte	0
 985 0148 00       		.byte	0
 986              		.section	.debug_aranges,"",%progbits
 987 0000 1C000000 		.4byte	0x1c
 988 0004 0200     		.2byte	0x2
 989 0006 00000000 		.4byte	.Ldebug_info0
 990 000a 04       		.byte	0x4
 991 000b 00       		.byte	0
 992 000c 0000     		.2byte	0
 993 000e 0000     		.2byte	0
 994 0010 00000000 		.4byte	.LFB533
 995 0014 18000000 		.4byte	.LFE533-.LFB533
 996 0018 00000000 		.4byte	0
 997 001c 00000000 		.4byte	0
 998              		.section	.debug_ranges,"",%progbits
 999              	.Ldebug_ranges0:
 1000 0000 00000000 		.4byte	.LFB533
 1001 0004 18000000 		.4byte	.LFE533
 1002 0008 00000000 		.4byte	0
 1003 000c 00000000 		.4byte	0
 1004              		.section	.debug_line,"",%progbits
 1005              	.Ldebug_line0:
 1006 0000 DD020000 		.section	.debug_str,"MS",%progbits,1
 1006      0200B802 
 1006      00000201 
 1006      FB0E0D00 
 1006      01010101 
 1007              	.LASF31:
 1008 0000 72656C6F 		.ascii	"reloadInput\000"
 1008      6164496E 
 1008      70757400 
 1009              	.LASF68:
 1010 000c 74784C65 		.ascii	"txLeftToTransmit\000"
 1010      6674546F 
 1010      5472616E 
 1010      736D6974 
 1010      00
 1011              	.LASF20:
 1012 001d 636C6F63 		.ascii	"clockPrescaler\000"
 1012      6B507265 
 1012      7363616C 
 1012      657200
 1013              	.LASF36:
 1014 002c 636F756E 		.ascii	"countInputMode\000"
 1014      74496E70 
 1014      75744D6F 
 1014      646500
 1015              	.LASF24:
 1016 003b 636F6D70 		.ascii	"compare0\000"
 1016      61726530 
 1016      00
ARM GAS  C:\Users\Tornado\AppData\Local\Temp\ccMPAiG0.s 			page 22


 1017              	.LASF25:
 1018 0044 636F6D70 		.ascii	"compare1\000"
 1018      61726531 
 1018      00
 1019              	.LASF54:
 1020 004d 63795F73 		.ascii	"cy_stc_tcpwm_pwm_config_t\000"
 1020      74635F74 
 1020      6370776D 
 1020      5F70776D 
 1020      5F636F6E 
 1021              	.LASF64:
 1022 0067 72784275 		.ascii	"rxBufSize\000"
 1022      6653697A 
 1022      6500
 1023              	.LASF55:
 1024 0071 63795F63 		.ascii	"cy_cb_scb_uart_handle_events_t\000"
 1024      625F7363 
 1024      625F7561 
 1024      72745F68 
 1024      616E646C 
 1025              	.LASF0:
 1026 0090 73686F72 		.ascii	"short int\000"
 1026      7420696E 
 1026      7400
 1027              	.LASF11:
 1028 009a 73697A65 		.ascii	"sizetype\000"
 1028      74797065 
 1028      00
 1029              	.LASF56:
 1030 00a3 63795F73 		.ascii	"cy_stc_scb_uart_context\000"
 1030      74635F73 
 1030      63625F75 
 1030      6172745F 
 1030      636F6E74 
 1031              	.LASF79:
 1032 00bb 474E5520 		.ascii	"GNU C11 5.4.1 20160609 (release) [ARM/embedded-5-br"
 1032      43313120 
 1032      352E342E 
 1032      31203230 
 1032      31363036 
 1033 00ee 616E6368 		.ascii	"anch revision 237715] -mcpu=cortex-m0plus -mthumb -"
 1033      20726576 
 1033      6973696F 
 1033      6E203233 
 1033      37373135 
 1034 0121 67202D4F 		.ascii	"g -Og -ffunction-sections -ffat-lto-objects\000"
 1034      67202D66 
 1034      66756E63 
 1034      74696F6E 
 1034      2D736563 
 1035              	.LASF22:
 1036 014d 636F756E 		.ascii	"countDirection\000"
 1036      74446972 
 1036      65637469 
 1036      6F6E00
 1037              	.LASF67:
 1038 015c 74784275 		.ascii	"txBufSize\000"
ARM GAS  C:\Users\Tornado\AppData\Local\Temp\ccMPAiG0.s 			page 23


 1038      6653697A 
 1038      6500
 1039              	.LASF40:
 1040 0166 63795F73 		.ascii	"cy_stc_tcpwm_pwm_config\000"
 1040      74635F74 
 1040      6370776D 
 1040      5F70776D 
 1040      5F636F6E 
 1041              	.LASF83:
 1042 017e 6D61696E 		.ascii	"main\000"
 1042      00
 1043              	.LASF9:
 1044 0183 5F5F7569 		.ascii	"__uint32_t\000"
 1044      6E743332 
 1044      5F7400
 1045              	.LASF29:
 1046 018e 63617074 		.ascii	"captureInput\000"
 1046      75726549 
 1046      6E707574 
 1046      00
 1047              	.LASF57:
 1048 019b 74785374 		.ascii	"txStatus\000"
 1048      61747573 
 1048      00
 1049              	.LASF65:
 1050 01a4 72784275 		.ascii	"rxBufIdx\000"
 1050      66496478 
 1050      00
 1051              	.LASF4:
 1052 01ad 6C6F6E67 		.ascii	"long int\000"
 1052      20696E74 
 1052      00
 1053              	.LASF42:
 1054 01b6 70776D41 		.ascii	"pwmAlignment\000"
 1054      6C69676E 
 1054      6D656E74 
 1054      00
 1055              	.LASF26:
 1056 01c3 656E6162 		.ascii	"enableCompareSwap\000"
 1056      6C65436F 
 1056      6D706172 
 1056      65537761 
 1056      7000
 1057              	.LASF52:
 1058 01d5 6B696C6C 		.ascii	"killInputMode\000"
 1058      496E7075 
 1058      744D6F64 
 1058      6500
 1059              	.LASF53:
 1060 01e3 6B696C6C 		.ascii	"killInput\000"
 1060      496E7075 
 1060      7400
 1061              	.LASF27:
 1062 01ed 696E7465 		.ascii	"interruptSources\000"
 1062      72727570 
 1062      74536F75 
 1062      72636573 
ARM GAS  C:\Users\Tornado\AppData\Local\Temp\ccMPAiG0.s 			page 24


 1062      00
 1063              	.LASF49:
 1064 01fe 6B696C6C 		.ascii	"killMode\000"
 1064      4D6F6465 
 1064      00
 1065              	.LASF75:
 1066 0207 55415254 		.ascii	"UART_DEBUG_context\000"
 1066      5F444542 
 1066      55475F63 
 1066      6F6E7465 
 1066      787400
 1067              	.LASF61:
 1068 021a 72785269 		.ascii	"rxRingBufHead\000"
 1068      6E674275 
 1068      66486561 
 1068      6400
 1069              	.LASF14:
 1070 0228 666C6F61 		.ascii	"float\000"
 1070      7400
 1071              	.LASF44:
 1072 022e 70657269 		.ascii	"period0\000"
 1072      6F643000 
 1073              	.LASF45:
 1074 0236 70657269 		.ascii	"period1\000"
 1074      6F643100 
 1075              	.LASF30:
 1076 023e 72656C6F 		.ascii	"reloadInputMode\000"
 1076      6164496E 
 1076      7075744D 
 1076      6F646500 
 1077              	.LASF6:
 1078 024e 6C6F6E67 		.ascii	"long long int\000"
 1078      206C6F6E 
 1078      6720696E 
 1078      7400
 1079              	.LASF21:
 1080 025c 72756E4D 		.ascii	"runMode\000"
 1080      6F646500 
 1081              	.LASF60:
 1082 0264 72785269 		.ascii	"rxRingBufSize\000"
 1082      6E674275 
 1082      6653697A 
 1082      6500
 1083              	.LASF19:
 1084 0272 70657269 		.ascii	"period\000"
 1084      6F6400
 1085              	.LASF72:
 1086 0279 554C465F 		.ascii	"ULF_Carrier_config\000"
 1086      43617272 
 1086      6965725F 
 1086      636F6E66 
 1086      696700
 1087              	.LASF35:
 1088 028c 73746F70 		.ascii	"stopInput\000"
 1088      496E7075 
 1088      7400
 1089              	.LASF82:
ARM GAS  C:\Users\Tornado\AppData\Local\Temp\ccMPAiG0.s 			page 25


 1090 0296 5F5F656E 		.ascii	"__enable_irq\000"
 1090      61626C65 
 1090      5F697271 
 1090      00
 1091              	.LASF12:
 1092 02a3 6C6F6E67 		.ascii	"long double\000"
 1092      20646F75 
 1092      626C6500 
 1093              	.LASF32:
 1094 02af 73746172 		.ascii	"startInputMode\000"
 1094      74496E70 
 1094      75744D6F 
 1094      646500
 1095              	.LASF58:
 1096 02be 72785374 		.ascii	"rxStatus\000"
 1096      61747573 
 1096      00
 1097              	.LASF1:
 1098 02c7 756E7369 		.ascii	"unsigned char\000"
 1098      676E6564 
 1098      20636861 
 1098      7200
 1099              	.LASF59:
 1100 02d5 72785269 		.ascii	"rxRingBuf\000"
 1100      6E674275 
 1100      6600
 1101              	.LASF46:
 1102 02df 656E6162 		.ascii	"enablePeriodSwap\000"
 1102      6C655065 
 1102      72696F64 
 1102      53776170 
 1102      00
 1103              	.LASF2:
 1104 02f0 7369676E 		.ascii	"signed char\000"
 1104      65642063 
 1104      68617200 
 1105              	.LASF7:
 1106 02fc 6C6F6E67 		.ascii	"long long unsigned int\000"
 1106      206C6F6E 
 1106      6720756E 
 1106      7369676E 
 1106      65642069 
 1107              	.LASF10:
 1108 0313 75696E74 		.ascii	"uint32_t\000"
 1108      33325F74 
 1108      00
 1109              	.LASF23:
 1110 031c 636F6D70 		.ascii	"compareOrCapture\000"
 1110      6172654F 
 1110      72436170 
 1110      74757265 
 1110      00
 1111              	.LASF48:
 1112 032d 696E7665 		.ascii	"invertPWMOutN\000"
 1112      72745057 
 1112      4D4F7574 
 1112      4E00
ARM GAS  C:\Users\Tornado\AppData\Local\Temp\ccMPAiG0.s 			page 26


 1113              	.LASF38:
 1114 033b 63795F73 		.ascii	"cy_stc_tcpwm_counter_config_t\000"
 1114      74635F74 
 1114      6370776D 
 1114      5F636F75 
 1114      6E746572 
 1115              	.LASF17:
 1116 0359 43595F53 		.ascii	"CY_SYSPM_WAIT_FOR_EVENT\000"
 1116      5953504D 
 1116      5F574149 
 1116      545F464F 
 1116      525F4556 
 1117              	.LASF63:
 1118 0371 72784275 		.ascii	"rxBuf\000"
 1118      6600
 1119              	.LASF13:
 1120 0377 63686172 		.ascii	"char\000"
 1120      00
 1121              	.LASF69:
 1122 037c 63624576 		.ascii	"cbEvents\000"
 1122      656E7473 
 1122      00
 1123              	.LASF43:
 1124 0385 64656164 		.ascii	"deadTimeClocks\000"
 1124      54696D65 
 1124      436C6F63 
 1124      6B7300
 1125              	.LASF3:
 1126 0394 73686F72 		.ascii	"short unsigned int\000"
 1126      7420756E 
 1126      7369676E 
 1126      65642069 
 1126      6E7400
 1127              	.LASF18:
 1128 03a7 5F426F6F 		.ascii	"_Bool\000"
 1128      6C00
 1129              	.LASF28:
 1130 03ad 63617074 		.ascii	"captureInputMode\000"
 1130      75726549 
 1130      6E707574 
 1130      4D6F6465 
 1130      00
 1131              	.LASF77:
 1132 03be 43795F53 		.ascii	"Cy_SysEnableCM4\000"
 1132      7973456E 
 1132      61626C65 
 1132      434D3400 
 1133              	.LASF5:
 1134 03ce 6C6F6E67 		.ascii	"long unsigned int\000"
 1134      20756E73 
 1134      69676E65 
 1134      6420696E 
 1134      7400
 1135              	.LASF15:
 1136 03e0 646F7562 		.ascii	"double\000"
 1136      6C6500
 1137              	.LASF50:
ARM GAS  C:\Users\Tornado\AppData\Local\Temp\ccMPAiG0.s 			page 27


 1138 03e7 73776170 		.ascii	"swapInputMode\000"
 1138      496E7075 
 1138      744D6F64 
 1138      6500
 1139              	.LASF39:
 1140 03f5 63795F73 		.ascii	"cy_stc_tcpwm_counter_config\000"
 1140      74635F74 
 1140      6370776D 
 1140      5F636F75 
 1140      6E746572 
 1141              	.LASF66:
 1142 0411 74784275 		.ascii	"txBuf\000"
 1142      6600
 1143              	.LASF33:
 1144 0417 73746172 		.ascii	"startInput\000"
 1144      74496E70 
 1144      757400
 1145              	.LASF34:
 1146 0422 73746F70 		.ascii	"stopInputMode\000"
 1146      496E7075 
 1146      744D6F64 
 1146      6500
 1147              	.LASF81:
 1148 0430 433A5C55 		.ascii	"C:\\Users\\Tornado\\Documents\\PSoC Creator\\CE2202"
 1148      73657273 
 1148      5C546F72 
 1148      6E61646F 
 1148      5C446F63 
 1149 045e 39315F54 		.ascii	"91_TCPWM_Square_Wave01\\CE220291_TCPWM_Square_Wave0"
 1149      4350574D 
 1149      5F537175 
 1149      6172655F 
 1149      57617665 
 1150 0490 312E6379 		.ascii	"1.cydsn\000"
 1150      64736E00 
 1151              	.LASF70:
 1152 0498 696E6974 		.ascii	"initKey\000"
 1152      4B657900 
 1153              	.LASF51:
 1154 04a0 73776170 		.ascii	"swapInput\000"
 1154      496E7075 
 1154      7400
 1155              	.LASF71:
 1156 04aa 63795F73 		.ascii	"cy_stc_scb_uart_context_t\000"
 1156      74635F73 
 1156      63625F75 
 1156      6172745F 
 1156      636F6E74 
 1157              	.LASF62:
 1158 04c4 72785269 		.ascii	"rxRingBufTail\000"
 1158      6E674275 
 1158      66546169 
 1158      6C00
 1159              	.LASF76:
 1160 04d2 554C465F 		.ascii	"ULF_Capture_config\000"
 1160      43617074 
 1160      7572655F 
ARM GAS  C:\Users\Tornado\AppData\Local\Temp\ccMPAiG0.s 			page 28


 1160      636F6E66 
 1160      696700
 1161              	.LASF74:
 1162 04e5 53797374 		.ascii	"System_Tick_config\000"
 1162      656D5F54 
 1162      69636B5F 
 1162      636F6E66 
 1162      696700
 1163              	.LASF16:
 1164 04f8 43595F53 		.ascii	"CY_SYSPM_WAIT_FOR_INTERRUPT\000"
 1164      5953504D 
 1164      5F574149 
 1164      545F464F 
 1164      525F494E 
 1165              	.LASF41:
 1166 0514 70776D4D 		.ascii	"pwmMode\000"
 1166      6F646500 
 1167              	.LASF80:
 1168 051c 6D61696E 		.ascii	"main_cm0p.c\000"
 1168      5F636D30 
 1168      702E6300 
 1169              	.LASF47:
 1170 0528 696E7665 		.ascii	"invertPWMOut\000"
 1170      72745057 
 1170      4D4F7574 
 1170      00
 1171              	.LASF37:
 1172 0535 636F756E 		.ascii	"countInput\000"
 1172      74496E70 
 1172      757400
 1173              	.LASF78:
 1174 0540 43795F53 		.ascii	"Cy_SysPm_DeepSleep\000"
 1174      7973506D 
 1174      5F446565 
 1174      70536C65 
 1174      657000
 1175              	.LASF8:
 1176 0553 756E7369 		.ascii	"unsigned int\000"
 1176      676E6564 
 1176      20696E74 
 1176      00
 1177              	.LASF73:
 1178 0560 554C465F 		.ascii	"ULF_Counter_config\000"
 1178      436F756E 
 1178      7465725F 
 1178      636F6E66 
 1178      696700
 1179              		.ident	"GCC: (GNU Tools for ARM Embedded Processors) 5.4.1 20160609 (release) [ARM/embedded-5-bran
